# JRE version: OpenJDK Runtime Environment (8.0_212-b04) (build 1.8.0_212-release-1586-b04)
# Java VM: OpenJDK 64-Bit Server VM (25.212-b04 mixed mode windows-amd64 compressed oops)
Heap:
 PSYoungGen      total 161792K, used 88915K [0x00000000e0000000, 0x00000000eba00000, 0x0000000100000000)
  eden space 151552K, 51% used [0x00000000e0000000,0x00000000e4cd7e18,0x00000000e9400000)
  from space 10240K, 99% used [0x00000000ea300000,0x00000000eacfce00,0x00000000ead00000)
  to   space 15360K, 0% used [0x00000000e9400000,0x00000000e9400000,0x00000000ea300000)
 ParOldGen       total 47104K, used 34406K [0x00000000a0000000, 0x00000000a2e00000, 0x00000000e0000000)
  object space 47104K, 73% used [0x00000000a0000000,0x00000000a2199888,0x00000000a2e00000)
 Metaspace       used 57125K, capacity 58980K, committed 59008K, reserved 1099776K
  class space    used 7841K, capacity 8320K, committed 8320K, reserved 1048576K
GC Heap History (10 events):
Event: 37.341 GC heap before
{Heap before GC invocations=14 (full 1):
 PSYoungGen      total 80896K, used 78251K [0x00000000e0000000, 0x00000000e5680000, 0x0000000100000000)
  eden space 74240K, 100% used [0x00000000e0000000,0x00000000e4880000,0x00000000e4880000)
  from space 6656K, 60% used [0x00000000e4f00000,0x00000000e52eae30,0x00000000e5580000)
  to   space 6656K, 0% used [0x00000000e4880000,0x00000000e4880000,0x00000000e4f00000)
 ParOldGen       total 31232K, used 14198K [0x00000000a0000000, 0x00000000a1e80000, 0x00000000e0000000)
  object space 31232K, 45% used [0x00000000a0000000,0x00000000a0ddd920,0x00000000a1e80000)
 Metaspace       used 34051K, capacity 34816K, committed 34944K, reserved 1079296K
  class space    used 4646K, capacity 4874K, committed 4992K, reserved 1048576K
Event: 37.357 GC heap after
Heap after GC invocations=14 (full 1):
 PSYoungGen      total 80896K, used 5883K [0x00000000e0000000, 0x00000000e7c80000, 0x0000000100000000)
  eden space 74240K, 0% used [0x00000000e0000000,0x00000000e0000000,0x00000000e4880000)
  from space 6656K, 88% used [0x00000000e4880000,0x00000000e4e3ec40,0x00000000e4f00000)
  to   space 7168K, 0% used [0x00000000e7580000,0x00000000e7580000,0x00000000e7c80000)
 ParOldGen       total 31232K, used 16124K [0x00000000a0000000, 0x00000000a1e80000, 0x00000000e0000000)
  object space 31232K, 51% used [0x00000000a0000000,0x00000000a0fbf078,0x00000000a1e80000)
 Metaspace       used 34051K, capacity 34816K, committed 34944K, reserved 1079296K
  class space    used 4646K, capacity 4874K, committed 4992K, reserved 1048576K
}
Event: 37.874 GC heap before
{Heap before GC invocations=15 (full 1):
 PSYoungGen      total 80896K, used 27682K [0x00000000e0000000, 0x00000000e7c80000, 0x0000000100000000)
  eden space 74240K, 29% used [0x00000000e0000000,0x00000000e1549de8,0x00000000e4880000)
  from space 6656K, 88% used [0x00000000e4880000,0x00000000e4e3ec40,0x00000000e4f00000)
  to   space 7168K, 0% used [0x00000000e7580000,0x00000000e7580000,0x00000000e7c80000)
 ParOldGen       total 31232K, used 16124K [0x00000000a0000000, 0x00000000a1e80000, 0x00000000e0000000)
  object space 31232K, 51% used [0x00000000a0000000,0x00000000a0fbf078,0x00000000a1e80000)
 Metaspace       used 34622K, capacity 35402K, committed 35456K, reserved 1079296K
  class space    used 4724K, capacity 4955K, committed 4992K, reserved 1048576K
Event: 37.881 GC heap after
Heap after GC invocations=15 (full 1):
 PSYoungGen      total 118272K, used 3729K [0x00000000e0000000, 0x00000000e7b00000, 0x0000000100000000)
  eden space 112640K, 0% used [0x00000000e0000000,0x00000000e0000000,0x00000000e6e00000)
  from space 5632K, 66% used [0x00000000e7580000,0x00000000e79246d8,0x00000000e7b00000)
  to   space 6656K, 0% used [0x00000000e6e00000,0x00000000e6e00000,0x00000000e7480000)
 ParOldGen       total 31232K, used 17843K [0x00000000a0000000, 0x00000000a1e80000, 0x00000000e0000000)
  object space 31232K, 57% used [0x00000000a0000000,0x00000000a116cc78,0x00000000a1e80000)
 Metaspace       used 34622K, capacity 35402K, committed 35456K, reserved 1079296K
  class space    used 4724K, capacity 4955K, committed 4992K, reserved 1048576K
}
Event: 37.881 GC heap before
{Heap before GC invocations=16 (full 2):
 PSYoungGen      total 118272K, used 3729K [0x00000000e0000000, 0x00000000e7b00000, 0x0000000100000000)
  eden space 112640K, 0% used [0x00000000e0000000,0x00000000e0000000,0x00000000e6e00000)
  from space 5632K, 66% used [0x00000000e7580000,0x00000000e79246d8,0x00000000e7b00000)
  to   space 6656K, 0% used [0x00000000e6e00000,0x00000000e6e00000,0x00000000e7480000)
 ParOldGen       total 31232K, used 17843K [0x00000000a0000000, 0x00000000a1e80000, 0x00000000e0000000)
  object space 31232K, 57% used [0x00000000a0000000,0x00000000a116cc78,0x00000000a1e80000)
 Metaspace       used 34622K, capacity 35402K, committed 35456K, reserved 1079296K
  class space    used 4724K, capacity 4955K, committed 4992K, reserved 1048576K
Event: 37.965 GC heap after
Heap after GC invocations=16 (full 2):
 PSYoungGen      total 118272K, used 0K [0x00000000e0000000, 0x00000000e7b00000, 0x0000000100000000)
  eden space 112640K, 0% used [0x00000000e0000000,0x00000000e0000000,0x00000000e6e00000)
  from space 5632K, 0% used [0x00000000e7580000,0x00000000e7580000,0x00000000e7b00000)
  to   space 6656K, 0% used [0x00000000e6e00000,0x00000000e6e00000,0x00000000e7480000)
 ParOldGen       total 47104K, used 17550K [0x00000000a0000000, 0x00000000a2e00000, 0x00000000e0000000)
  object space 47104K, 37% used [0x00000000a0000000,0x00000000a1123870,0x00000000a2e00000)
 Metaspace       used 34622K, capacity 35402K, committed 35456K, reserved 1079296K
  class space    used 4724K, capacity 4955K, committed 4992K, reserved 1048576K
}
Event: 40.479 GC heap before
{Heap before GC invocations=17 (full 2):
 PSYoungGen      total 118272K, used 112640K [0x00000000e0000000, 0x00000000e7b00000, 0x0000000100000000)
  eden space 112640K, 100% used [0x00000000e0000000,0x00000000e6e00000,0x00000000e6e00000)
  from space 5632K, 0% used [0x00000000e7580000,0x00000000e7580000,0x00000000e7b00000)
  to   space 6656K, 0% used [0x00000000e6e00000,0x00000000e6e00000,0x00000000e7480000)
 ParOldGen       total 47104K, used 17550K [0x00000000a0000000, 0x00000000a2e00000, 0x00000000e0000000)
  object space 47104K, 37% used [0x00000000a0000000,0x00000000a1123870,0x00000000a2e00000)
 Metaspace       used 44936K, capacity 46078K, committed 46336K, reserved 1089536K
  class space    used 6031K, capacity 6348K, committed 6400K, reserved 1048576K
Event: 40.537 GC heap after
Heap after GC invocations=17 (full 2):
 PSYoungGen      total 119296K, used 6637K [0x00000000e0000000, 0x00000000ead00000, 0x0000000100000000)
  eden space 112640K, 0% used [0x00000000e0000000,0x00000000e0000000,0x00000000e6e00000)
  from space 6656K, 99% used [0x00000000e6e00000,0x00000000e747b710,0x00000000e7480000)
  to   space 10240K, 0% used [0x00000000ea300000,0x00000000ea300000,0x00000000ead00000)
 ParOldGen       total 47104K, used 25462K [0x00000000a0000000, 0x00000000a2e00000, 0x00000000e0000000)
  object space 47104K, 54% used [0x00000000a0000000,0x00000000a18ddb90,0x00000000a2e00000)
 Metaspace       used 44936K, capacity 46078K, committed 46336K, reserved 1089536K
  class space    used 6031K, capacity 6348K, committed 6400K, reserved 1048576K
}
Event: 43.968 GC heap before
{Heap before GC invocations=18 (full 2):
 PSYoungGen      total 119296K, used 119277K [0x00000000e0000000, 0x00000000ead00000, 0x0000000100000000)
  eden space 112640K, 100% used [0x00000000e0000000,0x00000000e6e00000,0x00000000e6e00000)
  from space 6656K, 99% used [0x00000000e6e00000,0x00000000e747b710,0x00000000e7480000)
  to   space 10240K, 0% used [0x00000000ea300000,0x00000000ea300000,0x00000000ead00000)
 ParOldGen       total 47104K, used 25462K [0x00000000a0000000, 0x00000000a2e00000, 0x00000000e0000000)
  object space 47104K, 54% used [0x00000000a0000000,0x00000000a18ddb90,0x00000000a2e00000)
 Metaspace       used 53321K, capacity 54966K, committed 55040K, reserved 1097728K
  class space    used 7224K, capacity 7632K, committed 7680K, reserved 1048576K
Event: 44.092 GC heap after
Heap after GC invocations=18 (full 2):
 PSYoungGen      total 161792K, used 10227K [0x00000000e0000000, 0x00000000eba00000, 0x0000000100000000)
  eden space 151552K, 0% used [0x00000000e0000000,0x00000000e0000000,0x00000000e9400000)
  from space 10240K, 99% used [0x00000000ea300000,0x00000000eacfce00,0x00000000ead00000)
  to   space 15360K, 0% used [0x00000000e9400000,0x00000000e9400000,0x00000000ea300000)
 ParOldGen       total 47104K, used 34406K [0x00000000a0000000, 0x00000000a2e00000, 0x00000000e0000000)
  object space 47104K, 73% used [0x00000000a0000000,0x00000000a2199888,0x00000000a2e00000)
 Metaspace       used 53321K, capacity 54966K, committed 55040K, reserved 1097728K
  class space    used 7224K, capacity 7632K, committed 7680K, reserved 1048576K
}

