# JRE version: OpenJDK Runtime Environment (8.0_212-b04) (build 1.8.0_212-release-1586-b04)
# Java VM: OpenJDK 64-Bit Server VM (25.212-b04 mixed mode windows-amd64 compressed oops)
Heap:
 PSYoungGen      total 457216K, used 78433K [0x00000000e0000000, 0x00000000ffd80000, 0x0000000100000000)
  eden space 446464K, 15% used [0x00000000e0000000,0x00000000e42786f8,0x00000000fb400000)
  from space 10752K, 96% used [0x00000000fb400000,0x00000000fbe20030,0x00000000fbe80000)
  to   space 37376K, 0% used [0x00000000fd900000,0x00000000fd900000,0x00000000ffd80000)
 ParOldGen       total 142848K, used 71808K [0x00000000a0000000, 0x00000000a8b80000, 0x00000000e0000000)
  object space 142848K, 50% used [0x00000000a0000000,0x00000000a46200c0,0x00000000a8b80000)
 Metaspace       used 110155K, capacity 116252K, committed 116648K, reserved 1150976K
  class space    used 14224K, capacity 15399K, committed 15528K, reserved 1048576K
GC Heap History (10 events):
Event: 7792.071 GC heap before
{Heap before GC invocations=29 (full 5):
 PSYoungGen      total 460288K, used 435072K [0x00000000e0000000, 0x00000000ffb00000, 0x0000000100000000)
  eden space 418816K, 100% used [0x00000000e0000000,0x00000000f9900000,0x00000000f9900000)
  from space 41472K, 39% used [0x00000000f9900000,0x00000000fa8e0320,0x00000000fc180000)
  to   space 38912K, 0% used [0x00000000fd500000,0x00000000fd500000,0x00000000ffb00000)
 ParOldGen       total 142848K, used 58825K [0x00000000a0000000, 0x00000000a8b80000, 0x00000000e0000000)
  object space 142848K, 41% used [0x00000000a0000000,0x00000000a3972728,0x00000000a8b80000)
 Metaspace       used 103754K, capacity 108772K, committed 108968K, reserved 1144832K
  class space    used 13478K, capacity 14418K, committed 14504K, reserved 1048576K
Event: 7793.991 GC heap after
Heap after GC invocations=29 (full 5):
 PSYoungGen      total 481280K, used 11686K [0x00000000e0000000, 0x00000000ffa80000, 0x0000000100000000)
  eden space 442880K, 0% used [0x00000000e0000000,0x00000000e0000000,0x00000000fb080000)
  from space 38400K, 30% used [0x00000000fd500000,0x00000000fe069820,0x00000000ffa80000)
  to   space 37376K, 0% used [0x00000000fb080000,0x00000000fb080000,0x00000000fd500000)
 ParOldGen       total 142848K, used 64781K [0x00000000a0000000, 0x00000000a8b80000, 0x00000000e0000000)
  object space 142848K, 45% used [0x00000000a0000000,0x00000000a3f43798,0x00000000a8b80000)
 Metaspace       used 103754K, capacity 108772K, committed 108968K, reserved 1144832K
  class space    used 13478K, capacity 14418K, committed 14504K, reserved 1048576K
}
Event: 7900.778 GC heap before
{Heap before GC invocations=30 (full 5):
 PSYoungGen      total 481280K, used 454566K [0x00000000e0000000, 0x00000000ffa80000, 0x0000000100000000)
  eden space 442880K, 100% used [0x00000000e0000000,0x00000000fb080000,0x00000000fb080000)
  from space 38400K, 30% used [0x00000000fd500000,0x00000000fe069820,0x00000000ffa80000)
  to   space 37376K, 0% used [0x00000000fb080000,0x00000000fb080000,0x00000000fd500000)
 ParOldGen       total 142848K, used 64781K [0x00000000a0000000, 0x00000000a8b80000, 0x00000000e0000000)
  object space 142848K, 45% used [0x00000000a0000000,0x00000000a3f43798,0x00000000a8b80000)
 Metaspace       used 109565K, capacity 115548K, committed 115752K, reserved 1148928K
  class space    used 14210K, capacity 15367K, committed 15400K, reserved 1048576K
Event: 7901.779 GC heap after
Heap after GC invocations=30 (full 5):
 PSYoungGen      total 480256K, used 24464K [0x00000000e0000000, 0x0000000100000000, 0x0000000100000000)
  eden space 442880K, 0% used [0x00000000e0000000,0x00000000e0000000,0x00000000fb080000)
  from space 37376K, 65% used [0x00000000fb080000,0x00000000fc864378,0x00000000fd500000)
  to   space 38400K, 0% used [0x00000000fda80000,0x00000000fda80000,0x0000000100000000)
 ParOldGen       total 142848K, used 68841K [0x00000000a0000000, 0x00000000a8b80000, 0x00000000e0000000)
  object space 142848K, 48% used [0x00000000a0000000,0x00000000a433a540,0x00000000a8b80000)
 Metaspace       used 109565K, capacity 115548K, committed 115752K, reserved 1148928K
  class space    used 14210K, capacity 15367K, committed 15400K, reserved 1048576K
}
Event: 8942.952 GC heap before
{Heap before GC invocations=31 (full 5):
 PSYoungGen      total 480256K, used 384461K [0x00000000e0000000, 0x0000000100000000, 0x0000000100000000)
  eden space 442880K, 81% used [0x00000000e0000000,0x00000000f5f8f260,0x00000000fb080000)
  from space 37376K, 65% used [0x00000000fb080000,0x00000000fc864378,0x00000000fd500000)
  to   space 38400K, 0% used [0x00000000fda80000,0x00000000fda80000,0x0000000100000000)
 ParOldGen       total 142848K, used 68841K [0x00000000a0000000, 0x00000000a8b80000, 0x00000000e0000000)
  object space 142848K, 48% used [0x00000000a0000000,0x00000000a433a540,0x00000000a8b80000)
 Metaspace       used 110130K, capacity 116350K, committed 116648K, reserved 1150976K
  class space    used 14262K, capacity 15485K, committed 15528K, reserved 1048576K
Event: 8944.280 GC heap after
Heap after GC invocations=31 (full 5):
 PSYoungGen      total 484864K, used 1488K [0x00000000e0000000, 0x0000000100000000, 0x0000000100000000)
  eden space 446464K, 0% used [0x00000000e0000000,0x00000000e0000000,0x00000000fb400000)
  from space 38400K, 3% used [0x00000000fda80000,0x00000000fdbf4010,0x0000000100000000)
  to   space 38912K, 0% used [0x00000000fb400000,0x00000000fb400000,0x00000000fda00000)
 ParOldGen       total 142848K, used 89429K [0x00000000a0000000, 0x00000000a8b80000, 0x00000000e0000000)
  object space 142848K, 62% used [0x00000000a0000000,0x00000000a5755710,0x00000000a8b80000)
 Metaspace       used 110130K, capacity 116350K, committed 116648K, reserved 1150976K
  class space    used 14262K, capacity 15485K, committed 15528K, reserved 1048576K
}
Event: 8944.281 GC heap before
{Heap before GC invocations=32 (full 6):
 PSYoungGen      total 484864K, used 1488K [0x00000000e0000000, 0x0000000100000000, 0x0000000100000000)
  eden space 446464K, 0% used [0x00000000e0000000,0x00000000e0000000,0x00000000fb400000)
  from space 38400K, 3% used [0x00000000fda80000,0x00000000fdbf4010,0x0000000100000000)
  to   space 38912K, 0% used [0x00000000fb400000,0x00000000fb400000,0x00000000fda00000)
 ParOldGen       total 142848K, used 89429K [0x00000000a0000000, 0x00000000a8b80000, 0x00000000e0000000)
  object space 142848K, 62% used [0x00000000a0000000,0x00000000a5755710,0x00000000a8b80000)
 Metaspace       used 110130K, capacity 116350K, committed 116648K, reserved 1150976K
  class space    used 14262K, capacity 15485K, committed 15528K, reserved 1048576K
Event: 8951.708 GC heap after
Heap after GC invocations=32 (full 6):
 PSYoungGen      total 484864K, used 0K [0x00000000e0000000, 0x0000000100000000, 0x0000000100000000)
  eden space 446464K, 0% used [0x00000000e0000000,0x00000000e0000000,0x00000000fb400000)
  from space 38400K, 0% used [0x00000000fda80000,0x00000000fda80000,0x0000000100000000)
  to   space 38912K, 0% used [0x00000000fb400000,0x00000000fb400000,0x00000000fda00000)
 ParOldGen       total 142848K, used 71800K [0x00000000a0000000, 0x00000000a8b80000, 0x00000000e0000000)
  object space 142848K, 50% used [0x00000000a0000000,0x00000000a461e0c0,0x00000000a8b80000)
 Metaspace       used 109495K, capacity 115042K, committed 116648K, reserved 1150976K
  class space    used 14134K, capacity 15244K, committed 15528K, reserved 1048576K
}
Event: 9388.829 GC heap before
{Heap before GC invocations=33 (full 6):
 PSYoungGen      total 484864K, used 446464K [0x00000000e0000000, 0x0000000100000000, 0x0000000100000000)
  eden space 446464K, 100% used [0x00000000e0000000,0x00000000fb400000,0x00000000fb400000)
  from space 38400K, 0% used [0x00000000fda80000,0x00000000fda80000,0x0000000100000000)
  to   space 38912K, 0% used [0x00000000fb400000,0x00000000fb400000,0x00000000fda00000)
 ParOldGen       total 142848K, used 71800K [0x00000000a0000000, 0x00000000a8b80000, 0x00000000e0000000)
  object space 142848K, 50% used [0x00000000a0000000,0x00000000a461e0c0,0x00000000a8b80000)
 Metaspace       used 110143K, capacity 116252K, committed 116648K, reserved 1150976K
  class space    used 14223K, capacity 15399K, committed 15528K, reserved 1048576K
Event: 9407.481 GC heap after
Heap after GC invocations=33 (full 6):
 PSYoungGen      total 457216K, used 10368K [0x00000000e0000000, 0x00000000ffd80000, 0x0000000100000000)
  eden space 446464K, 0% used [0x00000000e0000000,0x00000000e0000000,0x00000000fb400000)
  from space 10752K, 96% used [0x00000000fb400000,0x00000000fbe20030,0x00000000fbe80000)
  to   space 37376K, 0% used [0x00000000fd900000,0x00000000fd900000,0x00000000ffd80000)
 ParOldGen       total 142848K, used 71808K [0x00000000a0000000, 0x00000000a8b80000, 0x00000000e0000000)
  object space 142848K, 50% used [0x00000000a0000000,0x00000000a46200c0,0x00000000a8b80000)
 Metaspace       used 110143K, capacity 116252K, committed 116648K, reserved 1150976K
  class space    used 14223K, capacity 15399K, committed 15528K, reserved 1048576K
}

