# JRE version: OpenJDK Runtime Environment (8.0_212-b04) (build 1.8.0_212-release-1586-b04)
# Java VM: OpenJDK 64-Bit Server VM (25.212-b04 mixed mode windows-amd64 compressed oops)
Heap:
 PSYoungGen      total 177664K, used 159907K [0x00000000e0000000, 0x00000000ed200000, 0x0000000100000000)
  eden space 156160K, 88% used [0x00000000e0000000,0x00000000e8728f28,0x00000000e9880000)
  from space 21504K, 99% used [0x00000000eb500000,0x00000000ec9ffdb0,0x00000000eca00000)
  to   space 29184K, 0% used [0x00000000e9880000,0x00000000e9880000,0x00000000eb500000)
 ParOldGen       total 129024K, used 78165K [0x00000000a0000000, 0x00000000a7e00000, 0x00000000e0000000)
  object space 129024K, 60% used [0x00000000a0000000,0x00000000a4c55728,0x00000000a7e00000)
 Metaspace       used 76568K, capacity 79418K, committed 79744K, reserved 1118208K
  class space    used 10421K, capacity 11024K, committed 11136K, reserved 1048576K
GC Heap History (10 events):
Event: 71.379 GC heap before
{Heap before GC invocations=28 (full 3):
 PSYoungGen      total 125952K, used 120944K [0x00000000e0000000, 0x00000000e8c80000, 0x0000000100000000)
  eden space 113152K, 100% used [0x00000000e0000000,0x00000000e6e80000,0x00000000e6e80000)
  from space 12800K, 60% used [0x00000000e8000000,0x00000000e879c138,0x00000000e8c80000)
  to   space 15360K, 0% used [0x00000000e6e80000,0x00000000e6e80000,0x00000000e7d80000)
 ParOldGen       total 83456K, used 45470K [0x00000000a0000000, 0x00000000a5180000, 0x00000000e0000000)
  object space 83456K, 54% used [0x00000000a0000000,0x00000000a2c67868,0x00000000a5180000)
 Metaspace       used 66283K, capacity 68506K, committed 68736K, reserved 1107968K
  class space    used 9014K, capacity 9517K, committed 9600K, reserved 1048576K
Event: 71.595 GC heap after
Heap after GC invocations=28 (full 3):
 PSYoungGen      total 128512K, used 15339K [0x00000000e0000000, 0x00000000ea380000, 0x0000000100000000)
  eden space 113152K, 0% used [0x00000000e0000000,0x00000000e0000000,0x00000000e6e80000)
  from space 15360K, 99% used [0x00000000e6e80000,0x00000000e7d7af58,0x00000000e7d80000)
  to   space 18432K, 0% used [0x00000000e9180000,0x00000000e9180000,0x00000000ea380000)
 ParOldGen       total 83456K, used 47920K [0x00000000a0000000, 0x00000000a5180000, 0x00000000e0000000)
  object space 83456K, 57% used [0x00000000a0000000,0x00000000a2ecc3b0,0x00000000a5180000)
 Metaspace       used 66283K, capacity 68506K, committed 68736K, reserved 1107968K
  class space    used 9014K, capacity 9517K, committed 9600K, reserved 1048576K
}
Event: 87.541 GC heap before
{Heap before GC invocations=29 (full 3):
 PSYoungGen      total 128512K, used 128491K [0x00000000e0000000, 0x00000000ea380000, 0x0000000100000000)
  eden space 113152K, 100% used [0x00000000e0000000,0x00000000e6e80000,0x00000000e6e80000)
  from space 15360K, 99% used [0x00000000e6e80000,0x00000000e7d7af58,0x00000000e7d80000)
  to   space 18432K, 0% used [0x00000000e9180000,0x00000000e9180000,0x00000000ea380000)
 ParOldGen       total 83456K, used 47926K [0x00000000a0000000, 0x00000000a5180000, 0x00000000e0000000)
  object space 83456K, 57% used [0x00000000a0000000,0x00000000a2ecda40,0x00000000a5180000)
 Metaspace       used 70218K, capacity 72782K, committed 72960K, reserved 1112064K
  class space    used 9590K, capacity 10138K, committed 10240K, reserved 1048576K
Event: 88.048 GC heap after
Heap after GC invocations=29 (full 3):
 PSYoungGen      total 146432K, used 17754K [0x00000000e0000000, 0x00000000ea980000, 0x0000000100000000)
  eden space 128000K, 0% used [0x00000000e0000000,0x00000000e0000000,0x00000000e7d00000)
  from space 18432K, 96% used [0x00000000e9180000,0x00000000ea2d6a08,0x00000000ea380000)
  to   space 20992K, 0% used [0x00000000e7d00000,0x00000000e7d00000,0x00000000e9180000)
 ParOldGen       total 83456K, used 58641K [0x00000000a0000000, 0x00000000a5180000, 0x00000000e0000000)
  object space 83456K, 70% used [0x00000000a0000000,0x00000000a3944608,0x00000000a5180000)
 Metaspace       used 70218K, capacity 72782K, committed 72960K, reserved 1112064K
  class space    used 9590K, capacity 10138K, committed 10240K, reserved 1048576K
}
Event: 88.051 GC heap before
{Heap before GC invocations=30 (full 3):
 PSYoungGen      total 146432K, used 17974K [0x00000000e0000000, 0x00000000ea980000, 0x0000000100000000)
  eden space 128000K, 0% used [0x00000000e0000000,0x00000000e0036f38,0x00000000e7d00000)
  from space 18432K, 96% used [0x00000000e9180000,0x00000000ea2d6a08,0x00000000ea380000)
  to   space 20992K, 0% used [0x00000000e7d00000,0x00000000e7d00000,0x00000000e9180000)
 ParOldGen       total 83456K, used 58641K [0x00000000a0000000, 0x00000000a5180000, 0x00000000e0000000)
  object space 83456K, 70% used [0x00000000a0000000,0x00000000a3944608,0x00000000a5180000)
 Metaspace       used 70222K, capacity 72794K, committed 72960K, reserved 1112064K
  class space    used 9591K, capacity 10140K, committed 10240K, reserved 1048576K
Event: 88.106 GC heap after
Heap after GC invocations=30 (full 3):
 PSYoungGen      total 148992K, used 96K [0x00000000e0000000, 0x00000000eca00000, 0x0000000100000000)
  eden space 128000K, 0% used [0x00000000e0000000,0x00000000e0000000,0x00000000e7d00000)
  from space 20992K, 0% used [0x00000000e7d00000,0x00000000e7d18000,0x00000000e9180000)
  to   space 21504K, 0% used [0x00000000eb500000,0x00000000eb500000,0x00000000eca00000)
 ParOldGen       total 83456K, used 76473K [0x00000000a0000000, 0x00000000a5180000, 0x00000000e0000000)
  object space 83456K, 91% used [0x00000000a0000000,0x00000000a4aae4b8,0x00000000a5180000)
 Metaspace       used 70222K, capacity 72794K, committed 72960K, reserved 1112064K
  class space    used 9591K, capacity 10140K, committed 10240K, reserved 1048576K
}
Event: 88.109 GC heap before
{Heap before GC invocations=31 (full 4):
 PSYoungGen      total 148992K, used 96K [0x00000000e0000000, 0x00000000eca00000, 0x0000000100000000)
  eden space 128000K, 0% used [0x00000000e0000000,0x00000000e0000000,0x00000000e7d00000)
  from space 20992K, 0% used [0x00000000e7d00000,0x00000000e7d18000,0x00000000e9180000)
  to   space 21504K, 0% used [0x00000000eb500000,0x00000000eb500000,0x00000000eca00000)
 ParOldGen       total 83456K, used 76473K [0x00000000a0000000, 0x00000000a5180000, 0x00000000e0000000)
  object space 83456K, 91% used [0x00000000a0000000,0x00000000a4aae4b8,0x00000000a5180000)
 Metaspace       used 70222K, capacity 72794K, committed 72960K, reserved 1112064K
  class space    used 9591K, capacity 10140K, committed 10240K, reserved 1048576K
Event: 96.389 GC heap after
Heap after GC invocations=31 (full 4):
 PSYoungGen      total 148992K, used 0K [0x00000000e0000000, 0x00000000eca00000, 0x0000000100000000)
  eden space 128000K, 0% used [0x00000000e0000000,0x00000000e0000000,0x00000000e7d00000)
  from space 20992K, 0% used [0x00000000e7d00000,0x00000000e7d00000,0x00000000e9180000)
  to   space 21504K, 0% used [0x00000000eb500000,0x00000000eb500000,0x00000000eca00000)
 ParOldGen       total 129024K, used 67863K [0x00000000a0000000, 0x00000000a7e00000, 0x00000000e0000000)
  object space 129024K, 52% used [0x00000000a0000000,0x00000000a4245f90,0x00000000a7e00000)
 Metaspace       used 70134K, capacity 72536K, committed 72960K, reserved 1112064K
  class space    used 9563K, capacity 10089K, committed 10240K, reserved 1048576K
}
Event: 98.680 GC heap before
{Heap before GC invocations=32 (full 4):
 PSYoungGen      total 148992K, used 128000K [0x00000000e0000000, 0x00000000eca00000, 0x0000000100000000)
  eden space 128000K, 100% used [0x00000000e0000000,0x00000000e7d00000,0x00000000e7d00000)
  from space 20992K, 0% used [0x00000000e7d00000,0x00000000e7d00000,0x00000000e9180000)
  to   space 21504K, 0% used [0x00000000eb500000,0x00000000eb500000,0x00000000eca00000)
 ParOldGen       total 129024K, used 67863K [0x00000000a0000000, 0x00000000a7e00000, 0x00000000e0000000)
  object space 129024K, 52% used [0x00000000a0000000,0x00000000a4245f90,0x00000000a7e00000)
 Metaspace       used 72737K, capacity 75304K, committed 75520K, reserved 1114112K
  class space    used 9913K, capacity 10449K, committed 10496K, reserved 1048576K
Event: 98.733 GC heap after
Heap after GC invocations=32 (full 4):
 PSYoungGen      total 177664K, used 21503K [0x00000000e0000000, 0x00000000ed200000, 0x0000000100000000)
  eden space 156160K, 0% used [0x00000000e0000000,0x00000000e0000000,0x00000000e9880000)
  from space 21504K, 99% used [0x00000000eb500000,0x00000000ec9ffdb0,0x00000000eca00000)
  to   space 29184K, 0% used [0x00000000e9880000,0x00000000e9880000,0x00000000eb500000)
 ParOldGen       total 129024K, used 78165K [0x00000000a0000000, 0x00000000a7e00000, 0x00000000e0000000)
  object space 129024K, 60% used [0x00000000a0000000,0x00000000a4c55728,0x00000000a7e00000)
 Metaspace       used 72737K, capacity 75304K, committed 75520K, reserved 1114112K
  class space    used 9913K, capacity 10449K, committed 10496K, reserved 1048576K
}

