# JRE version: OpenJDK Runtime Environment (8.0_212-b04) (build 1.8.0_212-release-1586-b04)
# Java VM: OpenJDK 64-Bit Server VM (25.212-b04 mixed mode windows-amd64 compressed oops)
Heap:
 PSYoungGen      total 86528K, used 1413K [0x00000000eb180000, 0x00000000f2380000, 0x0000000100000000)
  eden space 71680K, 1% used [0x00000000eb180000,0x00000000eb2e17c8,0x00000000ef780000)
  from space 14848K, 0% used [0x00000000ef780000,0x00000000ef780000,0x00000000f0600000)
  to   space 14848K, 0% used [0x00000000f1500000,0x00000000f1500000,0x00000000f2380000)
 ParOldGen       total 111616K, used 52242K [0x00000000c1400000, 0x00000000c8100000, 0x00000000eb180000)
  object space 111616K, 46% used [0x00000000c1400000,0x00000000c4704be8,0x00000000c8100000)
 Metaspace       used 57885K, capacity 58856K, committed 59264K, reserved 1101824K
  class space    used 6528K, capacity 6760K, committed 6784K, reserved 1048576K
GC Heap History (10 events):
Event: 23.793 GC heap before
{Heap before GC invocations=16 (full 2):
 PSYoungGen      total 55296K, used 49727K [0x00000000eb180000, 0x00000000f0000000, 0x0000000100000000)
  eden space 43008K, 100% used [0x00000000eb180000,0x00000000edb80000,0x00000000edb80000)
  from space 12288K, 54% used [0x00000000edb80000,0x00000000ee20fc48,0x00000000ee780000)
  to   space 12288K, 0% used [0x00000000ef400000,0x00000000ef400000,0x00000000f0000000)
 ParOldGen       total 60416K, used 21717K [0x00000000c1400000, 0x00000000c4f00000, 0x00000000eb180000)
  object space 60416K, 35% used [0x00000000c1400000,0x00000000c29356b0,0x00000000c4f00000)
 Metaspace       used 43469K, capacity 44238K, committed 44672K, reserved 1089536K
  class space    used 5240K, capacity 5415K, committed 5504K, reserved 1048576K
Event: 23.841 GC heap after
Heap after GC invocations=16 (full 2):
 PSYoungGen      total 66048K, used 12286K [0x00000000eb180000, 0x00000000f0580000, 0x0000000100000000)
  eden space 53760K, 0% used [0x00000000eb180000,0x00000000eb180000,0x00000000ee600000)
  from space 12288K, 99% used [0x00000000ef400000,0x00000000effff950,0x00000000f0000000)
  to   space 14336K, 0% used [0x00000000ee600000,0x00000000ee600000,0x00000000ef400000)
 ParOldGen       total 60416K, used 22956K [0x00000000c1400000, 0x00000000c4f00000, 0x00000000eb180000)
  object space 60416K, 37% used [0x00000000c1400000,0x00000000c2a6b188,0x00000000c4f00000)
 Metaspace       used 43469K, capacity 44238K, committed 44672K, reserved 1089536K
  class space    used 5240K, capacity 5415K, committed 5504K, reserved 1048576K
}
Event: 26.342 GC heap before
{Heap before GC invocations=17 (full 2):
 PSYoungGen      total 66048K, used 66046K [0x00000000eb180000, 0x00000000f0580000, 0x0000000100000000)
  eden space 53760K, 100% used [0x00000000eb180000,0x00000000ee600000,0x00000000ee600000)
  from space 12288K, 99% used [0x00000000ef400000,0x00000000effff950,0x00000000f0000000)
  to   space 14336K, 0% used [0x00000000ee600000,0x00000000ee600000,0x00000000ef400000)
 ParOldGen       total 60416K, used 22956K [0x00000000c1400000, 0x00000000c4f00000, 0x00000000eb180000)
  object space 60416K, 37% used [0x00000000c1400000,0x00000000c2a6b188,0x00000000c4f00000)
 Metaspace       used 47139K, capacity 47988K, committed 48384K, reserved 1091584K
  class space    used 5660K, capacity 5858K, committed 5888K, reserved 1048576K
Event: 26.391 GC heap after
Heap after GC invocations=17 (full 2):
 PSYoungGen      total 68096K, used 11265K [0x00000000eb180000, 0x00000000f1500000, 0x0000000100000000)
  eden space 53760K, 0% used [0x00000000eb180000,0x00000000eb180000,0x00000000ee600000)
  from space 14336K, 78% used [0x00000000ee600000,0x00000000ef100758,0x00000000ef400000)
  to   space 14848K, 0% used [0x00000000f0680000,0x00000000f0680000,0x00000000f1500000)
 ParOldGen       total 60416K, used 33166K [0x00000000c1400000, 0x00000000c4f00000, 0x00000000eb180000)
  object space 60416K, 54% used [0x00000000c1400000,0x00000000c3463950,0x00000000c4f00000)
 Metaspace       used 47139K, capacity 47988K, committed 48384K, reserved 1091584K
  class space    used 5660K, capacity 5858K, committed 5888K, reserved 1048576K
}
Event: 30.979 GC heap before
{Heap before GC invocations=18 (full 2):
 PSYoungGen      total 68096K, used 65025K [0x00000000eb180000, 0x00000000f1500000, 0x0000000100000000)
  eden space 53760K, 100% used [0x00000000eb180000,0x00000000ee600000,0x00000000ee600000)
  from space 14336K, 78% used [0x00000000ee600000,0x00000000ef100758,0x00000000ef400000)
  to   space 14848K, 0% used [0x00000000f0680000,0x00000000f0680000,0x00000000f1500000)
 ParOldGen       total 60416K, used 33166K [0x00000000c1400000, 0x00000000c4f00000, 0x00000000eb180000)
  object space 60416K, 54% used [0x00000000c1400000,0x00000000c3463950,0x00000000c4f00000)
 Metaspace       used 49791K, capacity 50654K, committed 50816K, reserved 1093632K
  class space    used 5773K, capacity 6003K, committed 6016K, reserved 1048576K
Event: 31.026 GC heap after
Heap after GC invocations=18 (full 2):
 PSYoungGen      total 86016K, used 9288K [0x00000000eb180000, 0x00000000f1480000, 0x0000000100000000)
  eden space 71680K, 0% used [0x00000000eb180000,0x00000000eb180000,0x00000000ef780000)
  from space 14336K, 64% used [0x00000000f0680000,0x00000000f0f922a0,0x00000000f1480000)
  to   space 14848K, 0% used [0x00000000ef780000,0x00000000ef780000,0x00000000f0600000)
 ParOldGen       total 60416K, used 39913K [0x00000000c1400000, 0x00000000c4f00000, 0x00000000eb180000)
  object space 60416K, 66% used [0x00000000c1400000,0x00000000c3afa508,0x00000000c4f00000)
 Metaspace       used 49791K, capacity 50654K, committed 50816K, reserved 1093632K
  class space    used 5773K, capacity 6003K, committed 6016K, reserved 1048576K
}
Event: 36.032 GC heap before
{Heap before GC invocations=19 (full 2):
 PSYoungGen      total 86016K, used 73136K [0x00000000eb180000, 0x00000000f1480000, 0x0000000100000000)
  eden space 71680K, 89% used [0x00000000eb180000,0x00000000eefda008,0x00000000ef780000)
  from space 14336K, 64% used [0x00000000f0680000,0x00000000f0f922a0,0x00000000f1480000)
  to   space 14848K, 0% used [0x00000000ef780000,0x00000000ef780000,0x00000000f0600000)
 ParOldGen       total 60416K, used 39913K [0x00000000c1400000, 0x00000000c4f00000, 0x00000000eb180000)
  object space 60416K, 66% used [0x00000000c1400000,0x00000000c3afa508,0x00000000c4f00000)
 Metaspace       used 57848K, capacity 58792K, committed 59008K, reserved 1101824K
  class space    used 6528K, capacity 6760K, committed 6784K, reserved 1048576K
Event: 36.082 GC heap after
Heap after GC invocations=19 (full 2):
 PSYoungGen      total 86528K, used 9408K [0x00000000eb180000, 0x00000000f2380000, 0x0000000100000000)
  eden space 71680K, 0% used [0x00000000eb180000,0x00000000eb180000,0x00000000ef780000)
  from space 14848K, 63% used [0x00000000ef780000,0x00000000f00b02c8,0x00000000f0600000)
  to   space 14848K, 0% used [0x00000000f1500000,0x00000000f1500000,0x00000000f2380000)
 ParOldGen       total 60416K, used 47152K [0x00000000c1400000, 0x00000000c4f00000, 0x00000000eb180000)
  object space 60416K, 78% used [0x00000000c1400000,0x00000000c420c2c0,0x00000000c4f00000)
 Metaspace       used 57848K, capacity 58792K, committed 59008K, reserved 1101824K
  class space    used 6528K, capacity 6760K, committed 6784K, reserved 1048576K
}
Event: 36.083 GC heap before
{Heap before GC invocations=20 (full 3):
 PSYoungGen      total 86528K, used 9408K [0x00000000eb180000, 0x00000000f2380000, 0x0000000100000000)
  eden space 71680K, 0% used [0x00000000eb180000,0x00000000eb180000,0x00000000ef780000)
  from space 14848K, 63% used [0x00000000ef780000,0x00000000f00b02c8,0x00000000f0600000)
  to   space 14848K, 0% used [0x00000000f1500000,0x00000000f1500000,0x00000000f2380000)
 ParOldGen       total 60416K, used 47152K [0x00000000c1400000, 0x00000000c4f00000, 0x00000000eb180000)
  object space 60416K, 78% used [0x00000000c1400000,0x00000000c420c2c0,0x00000000c4f00000)
 Metaspace       used 57848K, capacity 58792K, committed 59008K, reserved 1101824K
  class space    used 6528K, capacity 6760K, committed 6784K, reserved 1048576K
Event: 36.811 GC heap after
Heap after GC invocations=20 (full 3):
 PSYoungGen      total 86528K, used 0K [0x00000000eb180000, 0x00000000f2380000, 0x0000000100000000)
  eden space 71680K, 0% used [0x00000000eb180000,0x00000000eb180000,0x00000000ef780000)
  from space 14848K, 0% used [0x00000000ef780000,0x00000000ef780000,0x00000000f0600000)
  to   space 14848K, 0% used [0x00000000f1500000,0x00000000f1500000,0x00000000f2380000)
 ParOldGen       total 111616K, used 52242K [0x00000000c1400000, 0x00000000c8100000, 0x00000000eb180000)
  object space 111616K, 46% used [0x00000000c1400000,0x00000000c4704be8,0x00000000c8100000)
 Metaspace       used 57848K, capacity 58792K, committed 59008K, reserved 1101824K
  class space    used 6528K, capacity 6760K, committed 6784K, reserved 1048576K
}

