# JRE version: OpenJDK Runtime Environment (8.0_212-b04) (build 1.8.0_212-release-1586-b04)
# Java VM: OpenJDK 64-Bit Server VM (25.212-b04 mixed mode windows-amd64 compressed oops)
Heap:
 PSYoungGen      total 237568K, used 175561K [0x00000000e0000000, 0x00000000f1800000, 0x0000000100000000)
  eden space 217600K, 71% used [0x00000000e0000000,0x00000000e97f5f90,0x00000000ed480000)
  from space 19968K, 99% used [0x00000000ed480000,0x00000000ee7fc4c0,0x00000000ee800000)
  to   space 26624K, 0% used [0x00000000efe00000,0x00000000efe00000,0x00000000f1800000)
 ParOldGen       total 88576K, used 45521K [0x00000000a0000000, 0x00000000a5680000, 0x00000000e0000000)
  object space 88576K, 51% used [0x00000000a0000000,0x00000000a2c747c8,0x00000000a5680000)
 Metaspace       used 72965K, capacity 75706K, committed 75904K, reserved 1114112K
  class space    used 9993K, capacity 10543K, committed 10624K, reserved 1048576K
GC Heap History (10 events):
Event: 25.567 GC heap before
{Heap before GC invocations=16 (full 2):
 PSYoungGen      total 139776K, used 139766K [0x00000000e0000000, 0x00000000ebb80000, 0x0000000100000000)
  eden space 131072K, 100% used [0x00000000e0000000,0x00000000e8000000,0x00000000e8000000)
  from space 8704K, 99% used [0x00000000e8000000,0x00000000e887dad8,0x00000000e8880000)
  to   space 12800K, 0% used [0x00000000eaf00000,0x00000000eaf00000,0x00000000ebb80000)
 ParOldGen       total 53760K, used 26253K [0x00000000a0000000, 0x00000000a3480000, 0x00000000e0000000)
  object space 53760K, 48% used [0x00000000a0000000,0x00000000a19a3788,0x00000000a3480000)
 Metaspace       used 54661K, capacity 56464K, committed 56576K, reserved 1097728K
  class space    used 7446K, capacity 7882K, committed 7936K, reserved 1048576K
Event: 25.636 GC heap after
Heap after GC invocations=16 (full 2):
 PSYoungGen      total 174080K, used 12775K [0x00000000e0000000, 0x00000000ecb00000, 0x0000000100000000)
  eden space 161280K, 0% used [0x00000000e0000000,0x00000000e0000000,0x00000000e9d80000)
  from space 12800K, 99% used [0x00000000eaf00000,0x00000000ebb79f68,0x00000000ebb80000)
  to   space 17920K, 0% used [0x00000000e9d80000,0x00000000e9d80000,0x00000000eaf00000)
 ParOldGen       total 53760K, used 35025K [0x00000000a0000000, 0x00000000a3480000, 0x00000000e0000000)
  object space 53760K, 65% used [0x00000000a0000000,0x00000000a22345e0,0x00000000a3480000)
 Metaspace       used 54661K, capacity 56464K, committed 56576K, reserved 1097728K
  class space    used 7446K, capacity 7882K, committed 7936K, reserved 1048576K
}
Event: 26.412 GC heap before
{Heap before GC invocations=17 (full 2):
 PSYoungGen      total 174080K, used 54517K [0x00000000e0000000, 0x00000000ecb00000, 0x0000000100000000)
  eden space 161280K, 25% used [0x00000000e0000000,0x00000000e28c37d8,0x00000000e9d80000)
  from space 12800K, 99% used [0x00000000eaf00000,0x00000000ebb79f68,0x00000000ebb80000)
  to   space 17920K, 0% used [0x00000000e9d80000,0x00000000e9d80000,0x00000000eaf00000)
 ParOldGen       total 53760K, used 35025K [0x00000000a0000000, 0x00000000a3480000, 0x00000000e0000000)
  object space 53760K, 65% used [0x00000000a0000000,0x00000000a22345e0,0x00000000a3480000)
 Metaspace       used 57262K, capacity 59134K, committed 59160K, reserved 1099776K
  class space    used 7878K, capacity 8297K, committed 8320K, reserved 1048576K
Event: 26.459 GC heap after
Heap after GC invocations=17 (full 2):
 PSYoungGen      total 179200K, used 3711K [0x00000000e0000000, 0x00000000efb80000, 0x0000000100000000)
  eden space 161280K, 0% used [0x00000000e0000000,0x00000000e0000000,0x00000000e9d80000)
  from space 17920K, 20% used [0x00000000e9d80000,0x00000000ea11fec0,0x00000000eaf00000)
  to   space 17408K, 0% used [0x00000000eea80000,0x00000000eea80000,0x00000000efb80000)
 ParOldGen       total 53760K, used 43387K [0x00000000a0000000, 0x00000000a3480000, 0x00000000e0000000)
  object space 53760K, 80% used [0x00000000a0000000,0x00000000a2a5ee30,0x00000000a3480000)
 Metaspace       used 57262K, capacity 59134K, committed 59160K, reserved 1099776K
  class space    used 7878K, capacity 8297K, committed 8320K, reserved 1048576K
}
Event: 26.459 GC heap before
{Heap before GC invocations=18 (full 3):
 PSYoungGen      total 179200K, used 3711K [0x00000000e0000000, 0x00000000efb80000, 0x0000000100000000)
  eden space 161280K, 0% used [0x00000000e0000000,0x00000000e0000000,0x00000000e9d80000)
  from space 17920K, 20% used [0x00000000e9d80000,0x00000000ea11fec0,0x00000000eaf00000)
  to   space 17408K, 0% used [0x00000000eea80000,0x00000000eea80000,0x00000000efb80000)
 ParOldGen       total 53760K, used 43387K [0x00000000a0000000, 0x00000000a3480000, 0x00000000e0000000)
  object space 53760K, 80% used [0x00000000a0000000,0x00000000a2a5ee30,0x00000000a3480000)
 Metaspace       used 57262K, capacity 59134K, committed 59160K, reserved 1099776K
  class space    used 7878K, capacity 8297K, committed 8320K, reserved 1048576K
Event: 26.958 GC heap after
Heap after GC invocations=18 (full 3):
 PSYoungGen      total 179200K, used 0K [0x00000000e0000000, 0x00000000efb80000, 0x0000000100000000)
  eden space 161280K, 0% used [0x00000000e0000000,0x00000000e0000000,0x00000000e9d80000)
  from space 17920K, 0% used [0x00000000e9d80000,0x00000000e9d80000,0x00000000eaf00000)
  to   space 17408K, 0% used [0x00000000eea80000,0x00000000eea80000,0x00000000efb80000)
 ParOldGen       total 88576K, used 36120K [0x00000000a0000000, 0x00000000a5680000, 0x00000000e0000000)
  object space 88576K, 40% used [0x00000000a0000000,0x00000000a23461d8,0x00000000a5680000)
 Metaspace       used 57262K, capacity 59134K, committed 59160K, reserved 1099776K
  class space    used 7878K, capacity 8297K, committed 8320K, reserved 1048576K
}
Event: 30.423 GC heap before
{Heap before GC invocations=19 (full 3):
 PSYoungGen      total 179200K, used 161280K [0x00000000e0000000, 0x00000000efb80000, 0x0000000100000000)
  eden space 161280K, 100% used [0x00000000e0000000,0x00000000e9d80000,0x00000000e9d80000)
  from space 17920K, 0% used [0x00000000e9d80000,0x00000000e9d80000,0x00000000eaf00000)
  to   space 17408K, 0% used [0x00000000eea80000,0x00000000eea80000,0x00000000efb80000)
 ParOldGen       total 88576K, used 36120K [0x00000000a0000000, 0x00000000a5680000, 0x00000000e0000000)
  object space 88576K, 40% used [0x00000000a0000000,0x00000000a23461d8,0x00000000a5680000)
 Metaspace       used 61576K, capacity 63822K, committed 64000K, reserved 1103872K
  class space    used 8413K, capacity 8919K, committed 8960K, reserved 1048576K
Event: 30.467 GC heap after
Heap after GC invocations=19 (full 3):
 PSYoungGen      total 218624K, used 17079K [0x00000000e0000000, 0x00000000efb80000, 0x0000000100000000)
  eden space 201216K, 0% used [0x00000000e0000000,0x00000000e0000000,0x00000000ec480000)
  from space 17408K, 98% used [0x00000000eea80000,0x00000000efb2de78,0x00000000efb80000)
  to   space 19968K, 0% used [0x00000000ed480000,0x00000000ed480000,0x00000000ee800000)
 ParOldGen       total 88576K, used 36128K [0x00000000a0000000, 0x00000000a5680000, 0x00000000e0000000)
  object space 88576K, 40% used [0x00000000a0000000,0x00000000a23481d8,0x00000000a5680000)
 Metaspace       used 61576K, capacity 63822K, committed 64000K, reserved 1103872K
  class space    used 8413K, capacity 8919K, committed 8960K, reserved 1048576K
}
Event: 34.663 GC heap before
{Heap before GC invocations=20 (full 3):
 PSYoungGen      total 218624K, used 218295K [0x00000000e0000000, 0x00000000efb80000, 0x0000000100000000)
  eden space 201216K, 100% used [0x00000000e0000000,0x00000000ec480000,0x00000000ec480000)
  from space 17408K, 98% used [0x00000000eea80000,0x00000000efb2de78,0x00000000efb80000)
  to   space 19968K, 0% used [0x00000000ed480000,0x00000000ed480000,0x00000000ee800000)
 ParOldGen       total 88576K, used 36128K [0x00000000a0000000, 0x00000000a5680000, 0x00000000e0000000)
  object space 88576K, 40% used [0x00000000a0000000,0x00000000a23481d8,0x00000000a5680000)
 Metaspace       used 66827K, capacity 69144K, committed 69248K, reserved 1110016K
  class space    used 9094K, capacity 9580K, committed 9600K, reserved 1048576K
Event: 34.742 GC heap after
Heap after GC invocations=20 (full 3):
 PSYoungGen      total 237568K, used 19953K [0x00000000e0000000, 0x00000000f1800000, 0x0000000100000000)
  eden space 217600K, 0% used [0x00000000e0000000,0x00000000e0000000,0x00000000ed480000)
  from space 19968K, 99% used [0x00000000ed480000,0x00000000ee7fc4c0,0x00000000ee800000)
  to   space 26624K, 0% used [0x00000000efe00000,0x00000000efe00000,0x00000000f1800000)
 ParOldGen       total 88576K, used 45521K [0x00000000a0000000, 0x00000000a5680000, 0x00000000e0000000)
  object space 88576K, 51% used [0x00000000a0000000,0x00000000a2c747c8,0x00000000a5680000)
 Metaspace       used 66827K, capacity 69144K, committed 69248K, reserved 1110016K
  class space    used 9094K, capacity 9580K, committed 9600K, reserved 1048576K
}

