# JRE version: OpenJDK Runtime Environment (8.0_212-b04) (build 1.8.0_212-release-1586-b04)
# Java VM: OpenJDK 64-Bit Server VM (25.212-b04 mixed mode windows-amd64 compressed oops)
Heap:
 PSYoungGen      total 452608K, used 172054K [0x00000000e0000000, 0x00000000ff200000, 0x0000000100000000)
  eden space 395264K, 32% used [0x00000000e0000000,0x00000000e7f4cbf8,0x00000000f8200000)
  from space 57344K, 72% used [0x00000000f8200000,0x00000000faab8e08,0x00000000fba00000)
  to   space 55808K, 0% used [0x00000000fbb80000,0x00000000fbb80000,0x00000000ff200000)
 ParOldGen       total 205312K, used 114069K [0x00000000a0000000, 0x00000000ac880000, 0x00000000e0000000)
  object space 205312K, 55% used [0x00000000a0000000,0x00000000a6f65610,0x00000000ac880000)
 Metaspace       used 80459K, capacity 83844K, committed 83968K, reserved 1122304K
  class space    used 10806K, capacity 11463K, committed 11520K, reserved 1048576K
GC Heap History (10 events):
Event: 114.556 GC heap before
{Heap before GC invocations=41 (full 4):
 PSYoungGen      total 353792K, used 348492K [0x00000000e0000000, 0x00000000f8d00000, 0x0000000100000000)
  eden space 311296K, 100% used [0x00000000e0000000,0x00000000f3000000,0x00000000f3000000)
  from space 42496K, 87% used [0x00000000f5d80000,0x00000000f81d3380,0x00000000f8700000)
  to   space 46592K, 0% used [0x00000000f3000000,0x00000000f3000000,0x00000000f5d80000)
 ParOldGen       total 205312K, used 109240K [0x00000000a0000000, 0x00000000ac880000, 0x00000000e0000000)
  object space 205312K, 53% used [0x00000000a0000000,0x00000000a6aae1c8,0x00000000ac880000)
 Metaspace       used 80334K, capacity 83628K, committed 83712K, reserved 1122304K
  class space    used 10798K, capacity 11461K, committed 11520K, reserved 1048576K
Event: 114.680 GC heap after
Heap after GC invocations=41 (full 4):
 PSYoungGen      total 357888K, used 39742K [0x00000000e0000000, 0x00000000fb200000, 0x0000000100000000)
  eden space 311296K, 0% used [0x00000000e0000000,0x00000000e0000000,0x00000000f3000000)
  from space 46592K, 85% used [0x00000000f3000000,0x00000000f56cf8c0,0x00000000f5d80000)
  to   space 50688K, 0% used [0x00000000f8080000,0x00000000f8080000,0x00000000fb200000)
 ParOldGen       total 205312K, used 109240K [0x00000000a0000000, 0x00000000ac880000, 0x00000000e0000000)
  object space 205312K, 53% used [0x00000000a0000000,0x00000000a6aae1c8,0x00000000ac880000)
 Metaspace       used 80334K, capacity 83628K, committed 83712K, reserved 1122304K
  class space    used 10798K, capacity 11461K, committed 11520K, reserved 1048576K
}
Event: 115.427 GC heap before
{Heap before GC invocations=42 (full 4):
 PSYoungGen      total 357888K, used 351038K [0x00000000e0000000, 0x00000000fb200000, 0x0000000100000000)
  eden space 311296K, 100% used [0x00000000e0000000,0x00000000f3000000,0x00000000f3000000)
  from space 46592K, 85% used [0x00000000f3000000,0x00000000f56cf8c0,0x00000000f5d80000)
  to   space 50688K, 0% used [0x00000000f8080000,0x00000000f8080000,0x00000000fb200000)
 ParOldGen       total 205312K, used 109240K [0x00000000a0000000, 0x00000000ac880000, 0x00000000e0000000)
  object space 205312K, 53% used [0x00000000a0000000,0x00000000a6aae1c8,0x00000000ac880000)
 Metaspace       used 80338K, capacity 83632K, committed 83712K, reserved 1122304K
  class space    used 10798K, capacity 11461K, committed 11520K, reserved 1048576K
Event: 115.544 GC heap after
Heap after GC invocations=42 (full 4):
 PSYoungGen      total 390144K, used 40743K [0x00000000e0000000, 0x00000000fbe00000, 0x0000000100000000)
  eden space 339456K, 0% used [0x00000000e0000000,0x00000000e0000000,0x00000000f4b80000)
  from space 50688K, 80% used [0x00000000f8080000,0x00000000fa849fd0,0x00000000fb200000)
  to   space 54272K, 0% used [0x00000000f4b80000,0x00000000f4b80000,0x00000000f8080000)
 ParOldGen       total 205312K, used 110757K [0x00000000a0000000, 0x00000000ac880000, 0x00000000e0000000)
  object space 205312K, 53% used [0x00000000a0000000,0x00000000a6c297b0,0x00000000ac880000)
 Metaspace       used 80338K, capacity 83632K, committed 83712K, reserved 1122304K
  class space    used 10798K, capacity 11461K, committed 11520K, reserved 1048576K
}
Event: 117.936 GC heap before
{Heap before GC invocations=43 (full 4):
 PSYoungGen      total 390144K, used 380199K [0x00000000e0000000, 0x00000000fbe00000, 0x0000000100000000)
  eden space 339456K, 100% used [0x00000000e0000000,0x00000000f4b80000,0x00000000f4b80000)
  from space 50688K, 80% used [0x00000000f8080000,0x00000000fa849fd0,0x00000000fb200000)
  to   space 54272K, 0% used [0x00000000f4b80000,0x00000000f4b80000,0x00000000f8080000)
 ParOldGen       total 205312K, used 110757K [0x00000000a0000000, 0x00000000ac880000, 0x00000000e0000000)
  object space 205312K, 53% used [0x00000000a0000000,0x00000000a6c297b0,0x00000000ac880000)
 Metaspace       used 80340K, capacity 83696K, committed 83968K, reserved 1122304K
  class space    used 10798K, capacity 11461K, committed 11520K, reserved 1048576K
Event: 120.369 GC heap after
Heap after GC invocations=43 (full 4):
 PSYoungGen      total 393728K, used 41315K [0x00000000e0000000, 0x00000000ff380000, 0x0000000100000000)
  eden space 339456K, 0% used [0x00000000e0000000,0x00000000e0000000,0x00000000f4b80000)
  from space 54272K, 76% used [0x00000000f4b80000,0x00000000f73d8cf0,0x00000000f8080000)
  to   space 57344K, 0% used [0x00000000fbb80000,0x00000000fbb80000,0x00000000ff380000)
 ParOldGen       total 205312K, used 111763K [0x00000000a0000000, 0x00000000ac880000, 0x00000000e0000000)
  object space 205312K, 54% used [0x00000000a0000000,0x00000000a6d24ff8,0x00000000ac880000)
 Metaspace       used 80340K, capacity 83696K, committed 83968K, reserved 1122304K
  class space    used 10798K, capacity 11461K, committed 11520K, reserved 1048576K
}
Event: 122.404 GC heap before
{Heap before GC invocations=44 (full 4):
 PSYoungGen      total 393728K, used 380771K [0x00000000e0000000, 0x00000000ff380000, 0x0000000100000000)
  eden space 339456K, 100% used [0x00000000e0000000,0x00000000f4b80000,0x00000000f4b80000)
  from space 54272K, 76% used [0x00000000f4b80000,0x00000000f73d8cf0,0x00000000f8080000)
  to   space 57344K, 0% used [0x00000000fbb80000,0x00000000fbb80000,0x00000000ff380000)
 ParOldGen       total 205312K, used 111763K [0x00000000a0000000, 0x00000000ac880000, 0x00000000e0000000)
  object space 205312K, 54% used [0x00000000a0000000,0x00000000a6d24ff8,0x00000000ac880000)
 Metaspace       used 80356K, capacity 83700K, committed 83968K, reserved 1122304K
  class space    used 10798K, capacity 11461K, committed 11520K, reserved 1048576K
Event: 122.677 GC heap after
Heap after GC invocations=44 (full 4):
 PSYoungGen      total 451072K, used 34842K [0x00000000e0000000, 0x00000000ff200000, 0x0000000100000000)
  eden space 395264K, 0% used [0x00000000e0000000,0x00000000e0000000,0x00000000f8200000)
  from space 55808K, 62% used [0x00000000fbb80000,0x00000000fdd86918,0x00000000ff200000)
  to   space 57344K, 0% used [0x00000000f8200000,0x00000000f8200000,0x00000000fba00000)
 ParOldGen       total 205312K, used 112536K [0x00000000a0000000, 0x00000000ac880000, 0x00000000e0000000)
  object space 205312K, 54% used [0x00000000a0000000,0x00000000a6de6028,0x00000000ac880000)
 Metaspace       used 80356K, capacity 83700K, committed 83968K, reserved 1122304K
  class space    used 10798K, capacity 11461K, committed 11520K, reserved 1048576K
}
Event: 136.155 GC heap before
{Heap before GC invocations=45 (full 4):
 PSYoungGen      total 451072K, used 430106K [0x00000000e0000000, 0x00000000ff200000, 0x0000000100000000)
  eden space 395264K, 100% used [0x00000000e0000000,0x00000000f8200000,0x00000000f8200000)
  from space 55808K, 62% used [0x00000000fbb80000,0x00000000fdd86918,0x00000000ff200000)
  to   space 57344K, 0% used [0x00000000f8200000,0x00000000f8200000,0x00000000fba00000)
 ParOldGen       total 205312K, used 112536K [0x00000000a0000000, 0x00000000ac880000, 0x00000000e0000000)
  object space 205312K, 54% used [0x00000000a0000000,0x00000000a6de6028,0x00000000ac880000)
 Metaspace       used 80440K, capacity 83776K, committed 83968K, reserved 1122304K
  class space    used 10806K, capacity 11463K, committed 11520K, reserved 1048576K
Event: 136.408 GC heap after
Heap after GC invocations=45 (full 4):
 PSYoungGen      total 452608K, used 41699K [0x00000000e0000000, 0x00000000ff200000, 0x0000000100000000)
  eden space 395264K, 0% used [0x00000000e0000000,0x00000000e0000000,0x00000000f8200000)
  from space 57344K, 72% used [0x00000000f8200000,0x00000000faab8e08,0x00000000fba00000)
  to   space 55808K, 0% used [0x00000000fbb80000,0x00000000fbb80000,0x00000000ff200000)
 ParOldGen       total 205312K, used 114069K [0x00000000a0000000, 0x00000000ac880000, 0x00000000e0000000)
  object space 205312K, 55% used [0x00000000a0000000,0x00000000a6f65610,0x00000000ac880000)
 Metaspace       used 80440K, capacity 83776K, committed 83968K, reserved 1122304K
  class space    used 10806K, capacity 11463K, committed 11520K, reserved 1048576K
}

