# JRE version: OpenJDK Runtime Environment (8.0_212-b04) (build 1.8.0_212-release-1586-b04)
# Java VM: OpenJDK 64-Bit Server VM (25.212-b04 mixed mode windows-amd64 compressed oops)
Heap:
 PSYoungGen      total 21504K, used 9824K [0x00000000e0000000, 0x00000000e2800000, 0x0000000100000000)
  eden space 15872K, 41% used [0x00000000e0000000,0x00000000e0675670,0x00000000e0f80000)
  from space 5632K, 57% used [0x00000000e1480000,0x00000000e17a2b58,0x00000000e1a00000)
  to   space 5120K, 0% used [0x00000000e0f80000,0x00000000e0f80000,0x00000000e1480000)
 ParOldGen       total 44032K, used 5666K [0x00000000a0000000, 0x00000000a2b00000, 0x00000000e0000000)
  object space 44032K, 12% used [0x00000000a0000000,0x00000000a05888d0,0x00000000a2b00000)
 Metaspace       used 15334K, capacity 15790K, committed 16000K, reserved 1062912K
  class space    used 2147K, capacity 2308K, committed 2432K, reserved 1048576K
GC Heap History (10 events):
Event: 5.797 GC heap before
{Heap before GC invocations=4 (full 0):
 PSYoungGen      total 18944K, used 18791K [0x00000000e0000000, 0x00000000e1500000, 0x0000000100000000)
  eden space 16384K, 100% used [0x00000000e0000000,0x00000000e1000000,0x00000000e1000000)
  from space 2560K, 94% used [0x00000000e1000000,0x00000000e1259f70,0x00000000e1280000)
  to   space 2560K, 0% used [0x00000000e1280000,0x00000000e1280000,0x00000000e1500000)
 ParOldGen       total 44032K, used 969K [0x00000000a0000000, 0x00000000a2b00000, 0x00000000e0000000)
  object space 44032K, 2% used [0x00000000a0000000,0x00000000a00f27e0,0x00000000a2b00000)
 Metaspace       used 7427K, capacity 7600K, committed 7680K, reserved 1056768K
  class space    used 915K, capacity 983K, committed 1024K, reserved 1048576K
Event: 5.800 GC heap after
Heap after GC invocations=4 (full 0):
 PSYoungGen      total 18944K, used 2560K [0x00000000e0000000, 0x00000000e1500000, 0x0000000100000000)
  eden space 16384K, 0% used [0x00000000e0000000,0x00000000e0000000,0x00000000e1000000)
  from space 2560K, 100% used [0x00000000e1280000,0x00000000e1500000,0x00000000e1500000)
  to   space 2560K, 0% used [0x00000000e1000000,0x00000000e1000000,0x00000000e1280000)
 ParOldGen       total 44032K, used 1743K [0x00000000a0000000, 0x00000000a2b00000, 0x00000000e0000000)
  object space 44032K, 3% used [0x00000000a0000000,0x00000000a01b3ef0,0x00000000a2b00000)
 Metaspace       used 7427K, capacity 7600K, committed 7680K, reserved 1056768K
  class space    used 915K, capacity 983K, committed 1024K, reserved 1048576K
}
Event: 6.211 GC heap before
{Heap before GC invocations=5 (full 0):
 PSYoungGen      total 18944K, used 18944K [0x00000000e0000000, 0x00000000e1500000, 0x0000000100000000)
  eden space 16384K, 100% used [0x00000000e0000000,0x00000000e1000000,0x00000000e1000000)
  from space 2560K, 100% used [0x00000000e1280000,0x00000000e1500000,0x00000000e1500000)
  to   space 2560K, 0% used [0x00000000e1000000,0x00000000e1000000,0x00000000e1280000)
 ParOldGen       total 44032K, used 1743K [0x00000000a0000000, 0x00000000a2b00000, 0x00000000e0000000)
  object space 44032K, 3% used [0x00000000a0000000,0x00000000a01b3ef0,0x00000000a2b00000)
 Metaspace       used 9478K, capacity 9732K, committed 9856K, reserved 1058816K
  class space    used 1247K, capacity 1327K, committed 1408K, reserved 1048576K
Event: 6.217 GC heap after
Heap after GC invocations=5 (full 0):
 PSYoungGen      total 18944K, used 2544K [0x00000000e0000000, 0x00000000e1900000, 0x0000000100000000)
  eden space 16384K, 0% used [0x00000000e0000000,0x00000000e0000000,0x00000000e1000000)
  from space 2560K, 99% used [0x00000000e1000000,0x00000000e127c030,0x00000000e1280000)
  to   space 4608K, 0% used [0x00000000e1480000,0x00000000e1480000,0x00000000e1900000)
 ParOldGen       total 44032K, used 3492K [0x00000000a0000000, 0x00000000a2b00000, 0x00000000e0000000)
  object space 44032K, 7% used [0x00000000a0000000,0x00000000a0369358,0x00000000a2b00000)
 Metaspace       used 9478K, capacity 9732K, committed 9856K, reserved 1058816K
  class space    used 1247K, capacity 1327K, committed 1408K, reserved 1048576K
}
Event: 8.130 GC heap before
{Heap before GC invocations=6 (full 0):
 PSYoungGen      total 18944K, used 18928K [0x00000000e0000000, 0x00000000e1900000, 0x0000000100000000)
  eden space 16384K, 100% used [0x00000000e0000000,0x00000000e1000000,0x00000000e1000000)
  from space 2560K, 99% used [0x00000000e1000000,0x00000000e127c030,0x00000000e1280000)
  to   space 4608K, 0% used [0x00000000e1480000,0x00000000e1480000,0x00000000e1900000)
 ParOldGen       total 44032K, used 3492K [0x00000000a0000000, 0x00000000a2b00000, 0x00000000e0000000)
  object space 44032K, 7% used [0x00000000a0000000,0x00000000a0369358,0x00000000a2b00000)
 Metaspace       used 12543K, capacity 12992K, committed 13184K, reserved 1060864K
  class space    used 1686K, capacity 1837K, committed 1920K, reserved 1048576K
Event: 8.138 GC heap after
Heap after GC invocations=6 (full 0):
 PSYoungGen      total 19968K, used 4576K [0x00000000e0000000, 0x00000000e1b00000, 0x0000000100000000)
  eden space 15360K, 0% used [0x00000000e0000000,0x00000000e0000000,0x00000000e0f00000)
  from space 4608K, 99% used [0x00000000e1480000,0x00000000e18f8020,0x00000000e1900000)
  to   space 5632K, 0% used [0x00000000e0f00000,0x00000000e0f00000,0x00000000e1480000)
 ParOldGen       total 44032K, used 3654K [0x00000000a0000000, 0x00000000a2b00000, 0x00000000e0000000)
  object space 44032K, 8% used [0x00000000a0000000,0x00000000a0391880,0x00000000a2b00000)
 Metaspace       used 12543K, capacity 12992K, committed 13184K, reserved 1060864K
  class space    used 1686K, capacity 1837K, committed 1920K, reserved 1048576K
}
Event: 9.205 GC heap before
{Heap before GC invocations=7 (full 0):
 PSYoungGen      total 19968K, used 19936K [0x00000000e0000000, 0x00000000e1b00000, 0x0000000100000000)
  eden space 15360K, 100% used [0x00000000e0000000,0x00000000e0f00000,0x00000000e0f00000)
  from space 4608K, 99% used [0x00000000e1480000,0x00000000e18f8020,0x00000000e1900000)
  to   space 5632K, 0% used [0x00000000e0f00000,0x00000000e0f00000,0x00000000e1480000)
 ParOldGen       total 44032K, used 3654K [0x00000000a0000000, 0x00000000a2b00000, 0x00000000e0000000)
  object space 44032K, 8% used [0x00000000a0000000,0x00000000a0391880,0x00000000a2b00000)
 Metaspace       used 13878K, capacity 14278K, committed 14336K, reserved 1060864K
  class space    used 1890K, capacity 2032K, committed 2048K, reserved 1048576K
Event: 9.215 GC heap after
Heap after GC invocations=7 (full 0):
 PSYoungGen      total 20992K, used 3910K [0x00000000e0000000, 0x00000000e1a00000, 0x0000000100000000)
  eden space 15360K, 0% used [0x00000000e0000000,0x00000000e0000000,0x00000000e0f00000)
  from space 5632K, 69% used [0x00000000e0f00000,0x00000000e12d1bb8,0x00000000e1480000)
  to   space 5632K, 0% used [0x00000000e1480000,0x00000000e1480000,0x00000000e1a00000)
 ParOldGen       total 44032K, used 4874K [0x00000000a0000000, 0x00000000a2b00000, 0x00000000e0000000)
  object space 44032K, 11% used [0x00000000a0000000,0x00000000a04c28d0,0x00000000a2b00000)
 Metaspace       used 13878K, capacity 14278K, committed 14336K, reserved 1060864K
  class space    used 1890K, capacity 2032K, committed 2048K, reserved 1048576K
}
Event: 9.593 GC heap before
{Heap before GC invocations=8 (full 0):
 PSYoungGen      total 20992K, used 19270K [0x00000000e0000000, 0x00000000e1a00000, 0x0000000100000000)
  eden space 15360K, 100% used [0x00000000e0000000,0x00000000e0f00000,0x00000000e0f00000)
  from space 5632K, 69% used [0x00000000e0f00000,0x00000000e12d1bb8,0x00000000e1480000)
  to   space 5632K, 0% used [0x00000000e1480000,0x00000000e1480000,0x00000000e1a00000)
 ParOldGen       total 44032K, used 4874K [0x00000000a0000000, 0x00000000a2b00000, 0x00000000e0000000)
  object space 44032K, 11% used [0x00000000a0000000,0x00000000a04c28d0,0x00000000a2b00000)
 Metaspace       used 14720K, capacity 15114K, committed 15232K, reserved 1062912K
  class space    used 2048K, capacity 2162K, committed 2176K, reserved 1048576K
Event: 9.601 GC heap after
Heap after GC invocations=8 (full 0):
 PSYoungGen      total 21504K, used 3210K [0x00000000e0000000, 0x00000000e2800000, 0x0000000100000000)
  eden space 15872K, 0% used [0x00000000e0000000,0x00000000e0000000,0x00000000e0f80000)
  from space 5632K, 57% used [0x00000000e1480000,0x00000000e17a2b58,0x00000000e1a00000)
  to   space 5120K, 0% used [0x00000000e0f80000,0x00000000e0f80000,0x00000000e1480000)
 ParOldGen       total 44032K, used 5666K [0x00000000a0000000, 0x00000000a2b00000, 0x00000000e0000000)
  object space 44032K, 12% used [0x00000000a0000000,0x00000000a05888d0,0x00000000a2b00000)
 Metaspace       used 14720K, capacity 15114K, committed 15232K, reserved 1062912K
  class space    used 2048K, capacity 2162K, committed 2176K, reserved 1048576K
}

