# JRE version: OpenJDK Runtime Environment (8.0_212-b04) (build 1.8.0_212-release-1586-b04)
# Java VM: OpenJDK 64-Bit Server VM (25.212-b04 mixed mode windows-amd64 compressed oops)
Heap:
 PSYoungGen      total 159744K, used 32958K [0x00000000e0000000, 0x00000000edb80000, 0x0000000100000000)
  eden space 130560K, 12% used [0x00000000e0000000,0x00000000e0fd4f00,0x00000000e7f80000)
  from space 29184K, 57% used [0x00000000e7f80000,0x00000000e8fdace8,0x00000000e9c00000)
  to   space 33792K, 0% used [0x00000000eba80000,0x00000000eba80000,0x00000000edb80000)
 ParOldGen       total 178688K, used 92496K [0x00000000a0000000, 0x00000000aae80000, 0x00000000e0000000)
  object space 178688K, 51% used [0x00000000a0000000,0x00000000a5a541c8,0x00000000aae80000)
 Metaspace       used 72900K, capacity 75430K, committed 76160K, reserved 1114112K
  class space    used 9931K, capacity 10458K, committed 10624K, reserved 1048576K
GC Heap History (10 events):
Event: 92.354 GC heap before
{Heap before GC invocations=23 (full 3):
 PSYoungGen      total 131072K, used 131048K [0x00000000e0000000, 0x00000000e9f00000, 0x0000000100000000)
  eden space 116736K, 100% used [0x00000000e0000000,0x00000000e7200000,0x00000000e7200000)
  from space 14336K, 99% used [0x00000000e7200000,0x00000000e7ffa0e8,0x00000000e8000000)
  to   space 16384K, 0% used [0x00000000e8f00000,0x00000000e8f00000,0x00000000e9f00000)
 ParOldGen       total 92672K, used 36185K [0x00000000a0000000, 0x00000000a5a80000, 0x00000000e0000000)
  object space 92672K, 39% used [0x00000000a0000000,0x00000000a23564a8,0x00000000a5a80000)
 Metaspace       used 62241K, capacity 64548K, committed 64896K, reserved 1105920K
  class space    used 8507K, capacity 9000K, committed 9088K, reserved 1048576K
Event: 92.400 GC heap after
Heap after GC invocations=23 (full 3):
 PSYoungGen      total 142848K, used 16369K [0x00000000e0000000, 0x00000000ea480000, 0x0000000100000000)
  eden space 126464K, 0% used [0x00000000e0000000,0x00000000e0000000,0x00000000e7b80000)
  from space 16384K, 99% used [0x00000000e8f00000,0x00000000e9efc4c0,0x00000000e9f00000)
  to   space 19968K, 0% used [0x00000000e7b80000,0x00000000e7b80000,0x00000000e8f00000)
 ParOldGen       total 92672K, used 38659K [0x00000000a0000000, 0x00000000a5a80000, 0x00000000e0000000)
  object space 92672K, 41% used [0x00000000a0000000,0x00000000a25c0c20,0x00000000a5a80000)
 Metaspace       used 62241K, capacity 64548K, committed 64896K, reserved 1105920K
  class space    used 8507K, capacity 9000K, committed 9088K, reserved 1048576K
}
Event: 117.629 GC heap before
{Heap before GC invocations=24 (full 3):
 PSYoungGen      total 142848K, used 142833K [0x00000000e0000000, 0x00000000ea480000, 0x0000000100000000)
  eden space 126464K, 100% used [0x00000000e0000000,0x00000000e7b80000,0x00000000e7b80000)
  from space 16384K, 99% used [0x00000000e8f00000,0x00000000e9efc4c0,0x00000000e9f00000)
  to   space 19968K, 0% used [0x00000000e7b80000,0x00000000e7b80000,0x00000000e8f00000)
 ParOldGen       total 92672K, used 38659K [0x00000000a0000000, 0x00000000a5a80000, 0x00000000e0000000)
  object space 92672K, 41% used [0x00000000a0000000,0x00000000a25c0c20,0x00000000a5a80000)
 Metaspace       used 69348K, capacity 71920K, committed 72064K, reserved 1112064K
  class space    used 9487K, capacity 10021K, committed 10112K, reserved 1048576K
Event: 117.961 GC heap after
Heap after GC invocations=24 (full 3):
 PSYoungGen      total 146432K, used 13527K [0x00000000e0000000, 0x00000000eb000000, 0x0000000100000000)
  eden space 126464K, 0% used [0x00000000e0000000,0x00000000e0000000,0x00000000e7b80000)
  from space 19968K, 67% used [0x00000000e7b80000,0x00000000e88b5c38,0x00000000e8f00000)
  to   space 20480K, 0% used [0x00000000e9c00000,0x00000000e9c00000,0x00000000eb000000)
 ParOldGen       total 92672K, used 53946K [0x00000000a0000000, 0x00000000a5a80000, 0x00000000e0000000)
  object space 92672K, 58% used [0x00000000a0000000,0x00000000a34aea70,0x00000000a5a80000)
 Metaspace       used 69348K, capacity 71920K, committed 72064K, reserved 1112064K
  class space    used 9487K, capacity 10021K, committed 10112K, reserved 1048576K
}
Event: 119.930 GC heap before
{Heap before GC invocations=25 (full 3):
 PSYoungGen      total 146432K, used 139991K [0x00000000e0000000, 0x00000000eb000000, 0x0000000100000000)
  eden space 126464K, 100% used [0x00000000e0000000,0x00000000e7b80000,0x00000000e7b80000)
  from space 19968K, 67% used [0x00000000e7b80000,0x00000000e88b5c38,0x00000000e8f00000)
  to   space 20480K, 0% used [0x00000000e9c00000,0x00000000e9c00000,0x00000000eb000000)
 ParOldGen       total 92672K, used 53946K [0x00000000a0000000, 0x00000000a5a80000, 0x00000000e0000000)
  object space 92672K, 58% used [0x00000000a0000000,0x00000000a34aea70,0x00000000a5a80000)
 Metaspace       used 71523K, capacity 74280K, committed 74496K, reserved 1114112K
  class space    used 9809K, capacity 10385K, committed 10496K, reserved 1048576K
Event: 119.986 GC heap after
Heap after GC invocations=25 (full 3):
 PSYoungGen      total 151040K, used 20460K [0x00000000e0000000, 0x00000000ec380000, 0x0000000100000000)
  eden space 130560K, 0% used [0x00000000e0000000,0x00000000e0000000,0x00000000e7f80000)
  from space 20480K, 99% used [0x00000000e9c00000,0x00000000eaffb0f8,0x00000000eb000000)
  to   space 29184K, 0% used [0x00000000e7f80000,0x00000000e7f80000,0x00000000e9c00000)
 ParOldGen       total 92672K, used 69754K [0x00000000a0000000, 0x00000000a5a80000, 0x00000000e0000000)
  object space 92672K, 75% used [0x00000000a0000000,0x00000000a441e8f0,0x00000000a5a80000)
 Metaspace       used 71523K, capacity 74280K, committed 74496K, reserved 1114112K
  class space    used 9809K, capacity 10385K, committed 10496K, reserved 1048576K
}
Event: 121.441 GC heap before
{Heap before GC invocations=26 (full 3):
 PSYoungGen      total 151040K, used 151020K [0x00000000e0000000, 0x00000000ec380000, 0x0000000100000000)
  eden space 130560K, 100% used [0x00000000e0000000,0x00000000e7f80000,0x00000000e7f80000)
  from space 20480K, 99% used [0x00000000e9c00000,0x00000000eaffb0f8,0x00000000eb000000)
  to   space 29184K, 0% used [0x00000000e7f80000,0x00000000e7f80000,0x00000000e9c00000)
 ParOldGen       total 92672K, used 69754K [0x00000000a0000000, 0x00000000a5a80000, 0x00000000e0000000)
  object space 92672K, 75% used [0x00000000a0000000,0x00000000a441e8f0,0x00000000a5a80000)
 Metaspace       used 72804K, capacity 75708K, committed 75904K, reserved 1114112K
  class space    used 9961K, capacity 10545K, committed 10624K, reserved 1048576K
Event: 121.622 GC heap after
Heap after GC invocations=26 (full 3):
 PSYoungGen      total 159744K, used 28416K [0x00000000e0000000, 0x00000000edb80000, 0x0000000100000000)
  eden space 130560K, 0% used [0x00000000e0000000,0x00000000e0000000,0x00000000e7f80000)
  from space 29184K, 97% used [0x00000000e7f80000,0x00000000e9b40360,0x00000000e9c00000)
  to   space 33792K, 0% used [0x00000000eba80000,0x00000000eba80000,0x00000000edb80000)
 ParOldGen       total 92672K, used 89859K [0x00000000a0000000, 0x00000000a5a80000, 0x00000000e0000000)
  object space 92672K, 96% used [0x00000000a0000000,0x00000000a57c0fc0,0x00000000a5a80000)
 Metaspace       used 72804K, capacity 75708K, committed 75904K, reserved 1114112K
  class space    used 9961K, capacity 10545K, committed 10624K, reserved 1048576K
}
Event: 121.622 GC heap before
{Heap before GC invocations=27 (full 4):
 PSYoungGen      total 159744K, used 28416K [0x00000000e0000000, 0x00000000edb80000, 0x0000000100000000)
  eden space 130560K, 0% used [0x00000000e0000000,0x00000000e0000000,0x00000000e7f80000)
  from space 29184K, 97% used [0x00000000e7f80000,0x00000000e9b40360,0x00000000e9c00000)
  to   space 33792K, 0% used [0x00000000eba80000,0x00000000eba80000,0x00000000edb80000)
 ParOldGen       total 92672K, used 89859K [0x00000000a0000000, 0x00000000a5a80000, 0x00000000e0000000)
  object space 92672K, 96% used [0x00000000a0000000,0x00000000a57c0fc0,0x00000000a5a80000)
 Metaspace       used 72804K, capacity 75708K, committed 75904K, reserved 1114112K
  class space    used 9961K, capacity 10545K, committed 10624K, reserved 1048576K
Event: 126.319 GC heap after
Heap after GC invocations=27 (full 4):
 PSYoungGen      total 159744K, used 16747K [0x00000000e0000000, 0x00000000edb80000, 0x0000000100000000)
  eden space 130560K, 0% used [0x00000000e0000000,0x00000000e0000000,0x00000000e7f80000)
  from space 29184K, 57% used [0x00000000e7f80000,0x00000000e8fdace8,0x00000000e9c00000)
  to   space 33792K, 0% used [0x00000000eba80000,0x00000000eba80000,0x00000000edb80000)
 ParOldGen       total 178688K, used 92496K [0x00000000a0000000, 0x00000000aae80000, 0x00000000e0000000)
  object space 178688K, 51% used [0x00000000a0000000,0x00000000a5a541c8,0x00000000aae80000)
 Metaspace       used 72606K, capacity 75142K, committed 75904K, reserved 1114112K
  class space    used 9894K, capacity 10426K, committed 10624K, reserved 1048576K
}

