# JRE version: OpenJDK Runtime Environment (8.0_212-b04) (build 1.8.0_212-release-1586-b04)
# Java VM: OpenJDK 64-Bit Server VM (25.212-b04 mixed mode windows-amd64 compressed oops)
Heap:
 PSYoungGen      total 97792K, used 23835K [0x00000000eb180000, 0x00000000f2c80000, 0x0000000100000000)
  eden space 80896K, 8% used [0x00000000eb180000,0x00000000eb84de38,0x00000000f0080000)
  from space 16896K, 99% used [0x00000000f1480000,0x00000000f24f8f00,0x00000000f2500000)
  to   space 20480K, 0% used [0x00000000f0080000,0x00000000f0080000,0x00000000f1480000)
 ParOldGen       total 67584K, used 23508K [0x00000000c1400000, 0x00000000c5600000, 0x00000000eb180000)
  object space 67584K, 34% used [0x00000000c1400000,0x00000000c2af5058,0x00000000c5600000)
 Metaspace       used 43985K, capacity 44766K, committed 45184K, reserved 1089536K
  class space    used 5275K, capacity 5453K, committed 5504K, reserved 1048576K
GC Heap History (10 events):
Event: 4.522 GC heap before
{Heap before GC invocations=8 (full 1):
 PSYoungGen      total 54272K, used 54238K [0x00000000eb180000, 0x00000000f0080000, 0x0000000100000000)
  eden space 47616K, 100% used [0x00000000eb180000,0x00000000ee000000,0x00000000ee000000)
  from space 6656K, 99% used [0x00000000efa00000,0x00000000f0077978,0x00000000f0080000)
  to   space 8704K, 0% used [0x00000000eef80000,0x00000000eef80000,0x00000000ef800000)
 ParOldGen       total 40448K, used 9355K [0x00000000c1400000, 0x00000000c3b80000, 0x00000000eb180000)
  object space 40448K, 23% used [0x00000000c1400000,0x00000000c1d22fb8,0x00000000c3b80000)
 Metaspace       used 31735K, capacity 32276K, committed 32640K, reserved 1077248K
  class space    used 3976K, capacity 4120K, committed 4224K, reserved 1048576K
Event: 4.538 GC heap after
Heap after GC invocations=8 (full 1):
 PSYoungGen      total 72192K, used 8675K [0x00000000eb180000, 0x00000000f1180000, 0x0000000100000000)
  eden space 63488K, 0% used [0x00000000eb180000,0x00000000eb180000,0x00000000eef80000)
  from space 8704K, 99% used [0x00000000eef80000,0x00000000ef7f8c50,0x00000000ef800000)
  to   space 14336K, 0% used [0x00000000f0380000,0x00000000f0380000,0x00000000f1180000)
 ParOldGen       total 40448K, used 18942K [0x00000000c1400000, 0x00000000c3b80000, 0x00000000eb180000)
  object space 40448K, 46% used [0x00000000c1400000,0x00000000c267f970,0x00000000c3b80000)
 Metaspace       used 31735K, capacity 32276K, committed 32640K, reserved 1077248K
  class space    used 3976K, capacity 4120K, committed 4224K, reserved 1048576K
}
Event: 4.977 GC heap before
{Heap before GC invocations=9 (full 1):
 PSYoungGen      total 72192K, used 24869K [0x00000000eb180000, 0x00000000f1180000, 0x0000000100000000)
  eden space 63488K, 25% used [0x00000000eb180000,0x00000000ec150858,0x00000000eef80000)
  from space 8704K, 99% used [0x00000000eef80000,0x00000000ef7f8c50,0x00000000ef800000)
  to   space 14336K, 0% used [0x00000000f0380000,0x00000000f0380000,0x00000000f1180000)
 ParOldGen       total 40448K, used 18942K [0x00000000c1400000, 0x00000000c3b80000, 0x00000000eb180000)
  object space 40448K, 46% used [0x00000000c1400000,0x00000000c267f970,0x00000000c3b80000)
 Metaspace       used 34594K, capacity 35056K, committed 35416K, reserved 1081344K
  class space    used 4379K, capacity 4510K, committed 4608K, reserved 1048576K
Event: 4.990 GC heap after
Heap after GC invocations=9 (full 1):
 PSYoungGen      total 82432K, used 12623K [0x00000000eb180000, 0x00000000f2f00000, 0x0000000100000000)
  eden space 68096K, 0% used [0x00000000eb180000,0x00000000eb180000,0x00000000ef400000)
  from space 14336K, 88% used [0x00000000f0380000,0x00000000f0fd3c30,0x00000000f1180000)
  to   space 15872K, 0% used [0x00000000ef400000,0x00000000ef400000,0x00000000f0380000)
 ParOldGen       total 40448K, used 18950K [0x00000000c1400000, 0x00000000c3b80000, 0x00000000eb180000)
  object space 40448K, 46% used [0x00000000c1400000,0x00000000c2681970,0x00000000c3b80000)
 Metaspace       used 34594K, capacity 35056K, committed 35416K, reserved 1081344K
  class space    used 4379K, capacity 4510K, committed 4608K, reserved 1048576K
}
Event: 4.990 GC heap before
{Heap before GC invocations=10 (full 2):
 PSYoungGen      total 82432K, used 12623K [0x00000000eb180000, 0x00000000f2f00000, 0x0000000100000000)
  eden space 68096K, 0% used [0x00000000eb180000,0x00000000eb180000,0x00000000ef400000)
  from space 14336K, 88% used [0x00000000f0380000,0x00000000f0fd3c30,0x00000000f1180000)
  to   space 15872K, 0% used [0x00000000ef400000,0x00000000ef400000,0x00000000f0380000)
 ParOldGen       total 40448K, used 18950K [0x00000000c1400000, 0x00000000c3b80000, 0x00000000eb180000)
  object space 40448K, 46% used [0x00000000c1400000,0x00000000c2681970,0x00000000c3b80000)
 Metaspace       used 34594K, capacity 35056K, committed 35416K, reserved 1081344K
  class space    used 4379K, capacity 4510K, committed 4608K, reserved 1048576K
Event: 5.065 GC heap after
Heap after GC invocations=10 (full 2):
 PSYoungGen      total 82432K, used 0K [0x00000000eb180000, 0x00000000f2f00000, 0x0000000100000000)
  eden space 68096K, 0% used [0x00000000eb180000,0x00000000eb180000,0x00000000ef400000)
  from space 14336K, 0% used [0x00000000f0380000,0x00000000f0380000,0x00000000f1180000)
  to   space 15872K, 0% used [0x00000000ef400000,0x00000000ef400000,0x00000000f0380000)
 ParOldGen       total 67584K, used 18784K [0x00000000c1400000, 0x00000000c5600000, 0x00000000eb180000)
  object space 67584K, 27% used [0x00000000c1400000,0x00000000c2658168,0x00000000c5600000)
 Metaspace       used 34594K, capacity 35056K, committed 35416K, reserved 1081344K
  class space    used 4379K, capacity 4510K, committed 4608K, reserved 1048576K
}
Event: 6.637 GC heap before
{Heap before GC invocations=11 (full 2):
 PSYoungGen      total 82432K, used 68096K [0x00000000eb180000, 0x00000000f2f00000, 0x0000000100000000)
  eden space 68096K, 100% used [0x00000000eb180000,0x00000000ef400000,0x00000000ef400000)
  from space 14336K, 0% used [0x00000000f0380000,0x00000000f0380000,0x00000000f1180000)
  to   space 15872K, 0% used [0x00000000ef400000,0x00000000ef400000,0x00000000f0380000)
 ParOldGen       total 67584K, used 18784K [0x00000000c1400000, 0x00000000c5600000, 0x00000000eb180000)
  object space 67584K, 27% used [0x00000000c1400000,0x00000000c2658168,0x00000000c5600000)
 Metaspace       used 40008K, capacity 40600K, committed 40960K, reserved 1085440K
  class space    used 4946K, capacity 5094K, committed 5120K, reserved 1048576K
Event: 6.647 GC heap after
Heap after GC invocations=11 (full 2):
 PSYoungGen      total 83968K, used 12072K [0x00000000eb180000, 0x00000000f2500000, 0x0000000100000000)
  eden space 68096K, 0% used [0x00000000eb180000,0x00000000eb180000,0x00000000ef400000)
  from space 15872K, 76% used [0x00000000ef400000,0x00000000effca370,0x00000000f0380000)
  to   space 16896K, 0% used [0x00000000f1480000,0x00000000f1480000,0x00000000f2500000)
 ParOldGen       total 67584K, used 18792K [0x00000000c1400000, 0x00000000c5600000, 0x00000000eb180000)
  object space 67584K, 27% used [0x00000000c1400000,0x00000000c265a168,0x00000000c5600000)
 Metaspace       used 40008K, capacity 40600K, committed 40960K, reserved 1085440K
  class space    used 4946K, capacity 5094K, committed 5120K, reserved 1048576K
}
Event: 8.482 GC heap before
{Heap before GC invocations=12 (full 2):
 PSYoungGen      total 83968K, used 80168K [0x00000000eb180000, 0x00000000f2500000, 0x0000000100000000)
  eden space 68096K, 100% used [0x00000000eb180000,0x00000000ef400000,0x00000000ef400000)
  from space 15872K, 76% used [0x00000000ef400000,0x00000000effca370,0x00000000f0380000)
  to   space 16896K, 0% used [0x00000000f1480000,0x00000000f1480000,0x00000000f2500000)
 ParOldGen       total 67584K, used 18792K [0x00000000c1400000, 0x00000000c5600000, 0x00000000eb180000)
  object space 67584K, 27% used [0x00000000c1400000,0x00000000c265a168,0x00000000c5600000)
 Metaspace       used 43704K, capacity 44434K, committed 44672K, reserved 1089536K
  class space    used 5243K, capacity 5415K, committed 5504K, reserved 1048576K
Event: 8.518 GC heap after
Heap after GC invocations=12 (full 2):
 PSYoungGen      total 97792K, used 16867K [0x00000000eb180000, 0x00000000f2c80000, 0x0000000100000000)
  eden space 80896K, 0% used [0x00000000eb180000,0x00000000eb180000,0x00000000f0080000)
  from space 16896K, 99% used [0x00000000f1480000,0x00000000f24f8f00,0x00000000f2500000)
  to   space 20480K, 0% used [0x00000000f0080000,0x00000000f0080000,0x00000000f1480000)
 ParOldGen       total 67584K, used 23508K [0x00000000c1400000, 0x00000000c5600000, 0x00000000eb180000)
  object space 67584K, 34% used [0x00000000c1400000,0x00000000c2af5058,0x00000000c5600000)
 Metaspace       used 43704K, capacity 44434K, committed 44672K, reserved 1089536K
  class space    used 5243K, capacity 5415K, committed 5504K, reserved 1048576K
}

