# JRE version: OpenJDK Runtime Environment (8.0_212-b04) (build 1.8.0_212-release-1586-b04)
# Java VM: OpenJDK 64-Bit Server VM (25.212-b04 mixed mode windows-amd64 compressed oops)
Heap:
 PSYoungGen      total 368640K, used 243661K [0x00000000e0000000, 0x00000000f9800000, 0x0000000100000000)
  eden space 327680K, 64% used [0x00000000e0000000,0x00000000ece92aa0,0x00000000f4000000)
  from space 40960K, 79% used [0x00000000f6c00000,0x00000000f8be44f8,0x00000000f9400000)
  to   space 45056K, 0% used [0x00000000f4000000,0x00000000f4000000,0x00000000f6c00000)
 ParOldGen       total 141824K, used 109005K [0x00000000a0000000, 0x00000000a8a80000, 0x00000000e0000000)
  object space 141824K, 76% used [0x00000000a0000000,0x00000000a6a734e8,0x00000000a8a80000)
 Metaspace       used 138807K, capacity 145674K, committed 145792K, reserved 1175552K
  class space    used 18153K, capacity 19478K, committed 19584K, reserved 1048576K
GC Heap History (10 events):
Event: 1779.804 GC heap before
{Heap before GC invocations=36 (full 4):
 PSYoungGen      total 287232K, used 254873K [0x00000000e0000000, 0x00000000f7100000, 0x0000000100000000)
  eden space 244736K, 100% used [0x00000000e0000000,0x00000000eef00000,0x00000000eef00000)
  from space 42496K, 23% used [0x00000000eef00000,0x00000000ef8e6470,0x00000000f1880000)
  to   space 41984K, 0% used [0x00000000f4800000,0x00000000f4800000,0x00000000f7100000)
 ParOldGen       total 141824K, used 83530K [0x00000000a0000000, 0x00000000a8a80000, 0x00000000e0000000)
  object space 141824K, 58% used [0x00000000a0000000,0x00000000a5192b80,0x00000000a8a80000)
 Metaspace       used 114532K, capacity 119314K, committed 119424K, reserved 1153024K
  class space    used 15263K, capacity 16161K, committed 16256K, reserved 1048576K
Event: 1779.820 GC heap after
Heap after GC invocations=36 (full 4):
 PSYoungGen      total 327680K, used 9487K [0x00000000e0000000, 0x00000000f6c80000, 0x0000000100000000)
  eden space 290304K, 0% used [0x00000000e0000000,0x00000000e0000000,0x00000000f1b80000)
  from space 37376K, 25% used [0x00000000f4800000,0x00000000f5143e58,0x00000000f6c80000)
  to   space 41472K, 0% used [0x00000000f1b80000,0x00000000f1b80000,0x00000000f4400000)
 ParOldGen       total 141824K, used 84114K [0x00000000a0000000, 0x00000000a8a80000, 0x00000000e0000000)
  object space 141824K, 59% used [0x00000000a0000000,0x00000000a5224ba0,0x00000000a8a80000)
 Metaspace       used 114532K, capacity 119314K, committed 119424K, reserved 1153024K
  class space    used 15263K, capacity 16161K, committed 16256K, reserved 1048576K
}
Event: 1785.557 GC heap before
{Heap before GC invocations=37 (full 4):
 PSYoungGen      total 327680K, used 299791K [0x00000000e0000000, 0x00000000f6c80000, 0x0000000100000000)
  eden space 290304K, 100% used [0x00000000e0000000,0x00000000f1b80000,0x00000000f1b80000)
  from space 37376K, 25% used [0x00000000f4800000,0x00000000f5143e58,0x00000000f6c80000)
  to   space 41472K, 0% used [0x00000000f1b80000,0x00000000f1b80000,0x00000000f4400000)
 ParOldGen       total 141824K, used 84114K [0x00000000a0000000, 0x00000000a8a80000, 0x00000000e0000000)
  object space 141824K, 59% used [0x00000000a0000000,0x00000000a5224ba0,0x00000000a8a80000)
 Metaspace       used 115876K, capacity 120880K, committed 121216K, reserved 1155072K
  class space    used 15431K, capacity 16386K, committed 16512K, reserved 1048576K
Event: 1785.631 GC heap after
Heap after GC invocations=37 (full 4):
 PSYoungGen      total 331776K, used 22490K [0x00000000e0000000, 0x00000000f9400000, 0x0000000100000000)
  eden space 290304K, 0% used [0x00000000e0000000,0x00000000e0000000,0x00000000f1b80000)
  from space 41472K, 54% used [0x00000000f1b80000,0x00000000f3176b10,0x00000000f4400000)
  to   space 40960K, 0% used [0x00000000f6c00000,0x00000000f6c00000,0x00000000f9400000)
 ParOldGen       total 141824K, used 84858K [0x00000000a0000000, 0x00000000a8a80000, 0x00000000e0000000)
  object space 141824K, 59% used [0x00000000a0000000,0x00000000a52debf0,0x00000000a8a80000)
 Metaspace       used 115876K, capacity 120880K, committed 121216K, reserved 1155072K
  class space    used 15431K, capacity 16386K, committed 16512K, reserved 1048576K
}
Event: 2441.248 GC heap before
{Heap before GC invocations=38 (full 4):
 PSYoungGen      total 331776K, used 312794K [0x00000000e0000000, 0x00000000f9400000, 0x0000000100000000)
  eden space 290304K, 100% used [0x00000000e0000000,0x00000000f1b80000,0x00000000f1b80000)
  from space 41472K, 54% used [0x00000000f1b80000,0x00000000f3176b10,0x00000000f4400000)
  to   space 40960K, 0% used [0x00000000f6c00000,0x00000000f6c00000,0x00000000f9400000)
 ParOldGen       total 141824K, used 84858K [0x00000000a0000000, 0x00000000a8a80000, 0x00000000e0000000)
  object space 141824K, 59% used [0x00000000a0000000,0x00000000a52debf0,0x00000000a8a80000)
 Metaspace       used 121318K, capacity 126892K, committed 127104K, reserved 1159168K
  class space    used 15907K, capacity 16991K, committed 17024K, reserved 1048576K
Event: 2445.749 GC heap after
Heap after GC invocations=38 (full 4):
 PSYoungGen      total 368640K, used 36518K [0x00000000e0000000, 0x00000000f9800000, 0x0000000100000000)
  eden space 327680K, 0% used [0x00000000e0000000,0x00000000e0000000,0x00000000f4000000)
  from space 40960K, 89% used [0x00000000f6c00000,0x00000000f8fa9b50,0x00000000f9400000)
  to   space 45056K, 0% used [0x00000000f4000000,0x00000000f4000000,0x00000000f6c00000)
 ParOldGen       total 141824K, used 89386K [0x00000000a0000000, 0x00000000a8a80000, 0x00000000e0000000)
  object space 141824K, 63% used [0x00000000a0000000,0x00000000a574a880,0x00000000a8a80000)
 Metaspace       used 121318K, capacity 126892K, committed 127104K, reserved 1159168K
  class space    used 15907K, capacity 16991K, committed 17024K, reserved 1048576K
}
Event: 2484.963 GC heap before
{Heap before GC invocations=39 (full 4):
 PSYoungGen      total 368640K, used 364198K [0x00000000e0000000, 0x00000000f9800000, 0x0000000100000000)
  eden space 327680K, 100% used [0x00000000e0000000,0x00000000f4000000,0x00000000f4000000)
  from space 40960K, 89% used [0x00000000f6c00000,0x00000000f8fa9b50,0x00000000f9400000)
  to   space 45056K, 0% used [0x00000000f4000000,0x00000000f4000000,0x00000000f6c00000)
 ParOldGen       total 141824K, used 89386K [0x00000000a0000000, 0x00000000a8a80000, 0x00000000e0000000)
  object space 141824K, 63% used [0x00000000a0000000,0x00000000a574a880,0x00000000a8a80000)
 Metaspace       used 124806K, capacity 130516K, committed 130688K, reserved 1163264K
  class space    used 16304K, capacity 17431K, committed 17536K, reserved 1048576K
Event: 2488.254 GC heap after
Heap after GC invocations=39 (full 4):
 PSYoungGen      total 372736K, used 26837K [0x00000000e0000000, 0x00000000f9800000, 0x0000000100000000)
  eden space 327680K, 0% used [0x00000000e0000000,0x00000000e0000000,0x00000000f4000000)
  from space 45056K, 59% used [0x00000000f4000000,0x00000000f5a354a8,0x00000000f6c00000)
  to   space 40960K, 0% used [0x00000000f6c00000,0x00000000f6c00000,0x00000000f9400000)
 ParOldGen       total 141824K, used 93209K [0x00000000a0000000, 0x00000000a8a80000, 0x00000000e0000000)
  object space 141824K, 65% used [0x00000000a0000000,0x00000000a5b066a8,0x00000000a8a80000)
 Metaspace       used 124806K, capacity 130516K, committed 130688K, reserved 1163264K
  class space    used 16304K, capacity 17431K, committed 17536K, reserved 1048576K
}
Event: 2508.061 GC heap before
{Heap before GC invocations=40 (full 4):
 PSYoungGen      total 372736K, used 354517K [0x00000000e0000000, 0x00000000f9800000, 0x0000000100000000)
  eden space 327680K, 100% used [0x00000000e0000000,0x00000000f4000000,0x00000000f4000000)
  from space 45056K, 59% used [0x00000000f4000000,0x00000000f5a354a8,0x00000000f6c00000)
  to   space 40960K, 0% used [0x00000000f6c00000,0x00000000f6c00000,0x00000000f9400000)
 ParOldGen       total 141824K, used 93209K [0x00000000a0000000, 0x00000000a8a80000, 0x00000000e0000000)
  object space 141824K, 65% used [0x00000000a0000000,0x00000000a5b066a8,0x00000000a8a80000)
 Metaspace       used 138536K, capacity 145346K, committed 145408K, reserved 1175552K
  class space    used 18121K, capacity 19426K, committed 19456K, reserved 1048576K
Event: 2514.071 GC heap after
Heap after GC invocations=40 (full 4):
 PSYoungGen      total 368640K, used 32657K [0x00000000e0000000, 0x00000000f9800000, 0x0000000100000000)
  eden space 327680K, 0% used [0x00000000e0000000,0x00000000e0000000,0x00000000f4000000)
  from space 40960K, 79% used [0x00000000f6c00000,0x00000000f8be44f8,0x00000000f9400000)
  to   space 45056K, 0% used [0x00000000f4000000,0x00000000f4000000,0x00000000f6c00000)
 ParOldGen       total 141824K, used 109005K [0x00000000a0000000, 0x00000000a8a80000, 0x00000000e0000000)
  object space 141824K, 76% used [0x00000000a0000000,0x00000000a6a734e8,0x00000000a8a80000)
 Metaspace       used 138536K, capacity 145346K, committed 145408K, reserved 1175552K
  class space    used 18121K, capacity 19426K, committed 19456K, reserved 1048576K
}

