# JRE version: OpenJDK Runtime Environment (8.0_212-b04) (build 1.8.0_212-release-1586-b04)
# Java VM: OpenJDK 64-Bit Server VM (25.212-b04 mixed mode windows-amd64 compressed oops)
Heap:
 PSYoungGen      total 122368K, used 91305K [0x00000000e0000000, 0x00000000e7e80000, 0x0000000100000000)
  eden space 115200K, 79% used [0x00000000e0000000,0x00000000e592a5e8,0x00000000e7080000)
  from space 7168K, 0% used [0x00000000e7700000,0x00000000e7700000,0x00000000e7e00000)
  to   space 6656K, 0% used [0x00000000e7080000,0x00000000e7080000,0x00000000e7700000)
 ParOldGen       total 47616K, used 17261K [0x00000000a0000000, 0x00000000a2e80000, 0x00000000e0000000)
  object space 47616K, 36% used [0x00000000a0000000,0x00000000a10db718,0x00000000a2e80000)
 Metaspace       used 42960K, capacity 44050K, committed 44288K, reserved 1087488K
  class space    used 5784K, capacity 6084K, committed 6144K, reserved 1048576K
GC Heap History (10 events):
Event: 24.914 GC heap before
{Heap before GC invocations=12 (full 1):
 PSYoungGen      total 56320K, used 50688K [0x00000000e0000000, 0x00000000e3e00000, 0x0000000100000000)
  eden space 50688K, 100% used [0x00000000e0000000,0x00000000e3180000,0x00000000e3180000)
  from space 5632K, 0% used [0x00000000e3780000,0x00000000e3780000,0x00000000e3d00000)
  to   space 6144K, 0% used [0x00000000e3180000,0x00000000e3180000,0x00000000e3780000)
 ParOldGen       total 30720K, used 9690K [0x00000000a0000000, 0x00000000a1e00000, 0x00000000e0000000)
  object space 30720K, 31% used [0x00000000a0000000,0x00000000a0976a00,0x00000000a1e00000)
 Metaspace       used 27745K, capacity 28250K, committed 28672K, reserved 1073152K
  class space    used 3781K, capacity 3969K, committed 4096K, reserved 1048576K
Event: 24.925 GC heap after
Heap after GC invocations=12 (full 1):
 PSYoungGen      total 56832K, used 6122K [0x00000000e0000000, 0x00000000e5880000, 0x0000000100000000)
  eden space 50688K, 0% used [0x00000000e0000000,0x00000000e0000000,0x00000000e3180000)
  from space 6144K, 99% used [0x00000000e3180000,0x00000000e377a808,0x00000000e3780000)
  to   space 7168K, 0% used [0x00000000e5180000,0x00000000e5180000,0x00000000e5880000)
 ParOldGen       total 30720K, used 10533K [0x00000000a0000000, 0x00000000a1e00000, 0x00000000e0000000)
  object space 30720K, 34% used [0x00000000a0000000,0x00000000a0a49450,0x00000000a1e00000)
 Metaspace       used 27745K, capacity 28250K, committed 28672K, reserved 1073152K
  class space    used 3781K, capacity 3969K, committed 4096K, reserved 1048576K
}
Event: 25.456 GC heap before
{Heap before GC invocations=13 (full 1):
 PSYoungGen      total 56832K, used 56810K [0x00000000e0000000, 0x00000000e5880000, 0x0000000100000000)
  eden space 50688K, 100% used [0x00000000e0000000,0x00000000e3180000,0x00000000e3180000)
  from space 6144K, 99% used [0x00000000e3180000,0x00000000e377a808,0x00000000e3780000)
  to   space 7168K, 0% used [0x00000000e5180000,0x00000000e5180000,0x00000000e5880000)
 ParOldGen       total 30720K, used 10533K [0x00000000a0000000, 0x00000000a1e00000, 0x00000000e0000000)
  object space 30720K, 34% used [0x00000000a0000000,0x00000000a0a49450,0x00000000a1e00000)
 Metaspace       used 30559K, capacity 31166K, committed 31360K, reserved 1077248K
  class space    used 4141K, capacity 4365K, committed 4480K, reserved 1048576K
Event: 25.465 GC heap after
Heap after GC invocations=13 (full 1):
 PSYoungGen      total 83456K, used 4182K [0x00000000e0000000, 0x00000000e5800000, 0x0000000100000000)
  eden space 76800K, 0% used [0x00000000e0000000,0x00000000e0000000,0x00000000e4b00000)
  from space 6656K, 62% used [0x00000000e5180000,0x00000000e5595808,0x00000000e5800000)
  to   space 6656K, 0% used [0x00000000e4b00000,0x00000000e4b00000,0x00000000e5180000)
 ParOldGen       total 30720K, used 13805K [0x00000000a0000000, 0x00000000a1e00000, 0x00000000e0000000)
  object space 30720K, 44% used [0x00000000a0000000,0x00000000a0d7b470,0x00000000a1e00000)
 Metaspace       used 30559K, capacity 31166K, committed 31360K, reserved 1077248K
  class space    used 4141K, capacity 4365K, committed 4480K, reserved 1048576K
}
Event: 26.704 GC heap before
{Heap before GC invocations=14 (full 1):
 PSYoungGen      total 83456K, used 80982K [0x00000000e0000000, 0x00000000e5800000, 0x0000000100000000)
  eden space 76800K, 100% used [0x00000000e0000000,0x00000000e4b00000,0x00000000e4b00000)
  from space 6656K, 62% used [0x00000000e5180000,0x00000000e5595808,0x00000000e5800000)
  to   space 6656K, 0% used [0x00000000e4b00000,0x00000000e4b00000,0x00000000e5180000)
 ParOldGen       total 30720K, used 13805K [0x00000000a0000000, 0x00000000a1e00000, 0x00000000e0000000)
  object space 30720K, 44% used [0x00000000a0000000,0x00000000a0d7b470,0x00000000a1e00000)
 Metaspace       used 34272K, capacity 35076K, committed 35200K, reserved 1079296K
  class space    used 4691K, capacity 4912K, committed 4992K, reserved 1048576K
Event: 26.714 GC heap after
Heap after GC invocations=14 (full 1):
 PSYoungGen      total 83456K, used 5384K [0x00000000e0000000, 0x00000000e7e00000, 0x0000000100000000)
  eden space 76800K, 0% used [0x00000000e0000000,0x00000000e0000000,0x00000000e4b00000)
  from space 6656K, 80% used [0x00000000e4b00000,0x00000000e5042150,0x00000000e5180000)
  to   space 7168K, 0% used [0x00000000e7700000,0x00000000e7700000,0x00000000e7e00000)
 ParOldGen       total 30720K, used 15737K [0x00000000a0000000, 0x00000000a1e00000, 0x00000000e0000000)
  object space 30720K, 51% used [0x00000000a0000000,0x00000000a0f5e768,0x00000000a1e00000)
 Metaspace       used 34272K, capacity 35076K, committed 35200K, reserved 1079296K
  class space    used 4691K, capacity 4912K, committed 4992K, reserved 1048576K
}
Event: 27.025 GC heap before
{Heap before GC invocations=15 (full 1):
 PSYoungGen      total 83456K, used 20730K [0x00000000e0000000, 0x00000000e7e00000, 0x0000000100000000)
  eden space 76800K, 19% used [0x00000000e0000000,0x00000000e0efc7a8,0x00000000e4b00000)
  from space 6656K, 80% used [0x00000000e4b00000,0x00000000e5042150,0x00000000e5180000)
  to   space 7168K, 0% used [0x00000000e7700000,0x00000000e7700000,0x00000000e7e00000)
 ParOldGen       total 30720K, used 15737K [0x00000000a0000000, 0x00000000a1e00000, 0x00000000e0000000)
  object space 30720K, 51% used [0x00000000a0000000,0x00000000a0f5e768,0x00000000a1e00000)
 Metaspace       used 34584K, capacity 35424K, committed 35496K, reserved 1079296K
  class space    used 4727K, capacity 4958K, committed 4992K, reserved 1048576K
Event: 27.034 GC heap after
Heap after GC invocations=15 (full 1):
 PSYoungGen      total 122368K, used 3264K [0x00000000e0000000, 0x00000000e7e80000, 0x0000000100000000)
  eden space 115200K, 0% used [0x00000000e0000000,0x00000000e0000000,0x00000000e7080000)
  from space 7168K, 45% used [0x00000000e7700000,0x00000000e7a30000,0x00000000e7e00000)
  to   space 6656K, 0% used [0x00000000e7080000,0x00000000e7080000,0x00000000e7700000)
 ParOldGen       total 30720K, used 17503K [0x00000000a0000000, 0x00000000a1e00000, 0x00000000e0000000)
  object space 30720K, 56% used [0x00000000a0000000,0x00000000a1117cf8,0x00000000a1e00000)
 Metaspace       used 34584K, capacity 35424K, committed 35496K, reserved 1079296K
  class space    used 4727K, capacity 4958K, committed 4992K, reserved 1048576K
}
Event: 27.034 GC heap before
{Heap before GC invocations=16 (full 2):
 PSYoungGen      total 122368K, used 3264K [0x00000000e0000000, 0x00000000e7e80000, 0x0000000100000000)
  eden space 115200K, 0% used [0x00000000e0000000,0x00000000e0000000,0x00000000e7080000)
  from space 7168K, 45% used [0x00000000e7700000,0x00000000e7a30000,0x00000000e7e00000)
  to   space 6656K, 0% used [0x00000000e7080000,0x00000000e7080000,0x00000000e7700000)
 ParOldGen       total 30720K, used 17503K [0x00000000a0000000, 0x00000000a1e00000, 0x00000000e0000000)
  object space 30720K, 56% used [0x00000000a0000000,0x00000000a1117cf8,0x00000000a1e00000)
 Metaspace       used 34584K, capacity 35424K, committed 35496K, reserved 1079296K
  class space    used 4727K, capacity 4958K, committed 4992K, reserved 1048576K
Event: 27.115 GC heap after
Heap after GC invocations=16 (full 2):
 PSYoungGen      total 122368K, used 0K [0x00000000e0000000, 0x00000000e7e80000, 0x0000000100000000)
  eden space 115200K, 0% used [0x00000000e0000000,0x00000000e0000000,0x00000000e7080000)
  from space 7168K, 0% used [0x00000000e7700000,0x00000000e7700000,0x00000000e7e00000)
  to   space 6656K, 0% used [0x00000000e7080000,0x00000000e7080000,0x00000000e7700000)
 ParOldGen       total 47616K, used 17261K [0x00000000a0000000, 0x00000000a2e80000, 0x00000000e0000000)
  object space 47616K, 36% used [0x00000000a0000000,0x00000000a10db718,0x00000000a2e80000)
 Metaspace       used 34579K, capacity 35406K, committed 35496K, reserved 1079296K
  class space    used 4726K, capacity 4955K, committed 4992K, reserved 1048576K
}

