# JRE version: OpenJDK Runtime Environment (8.0_212-b04) (build 1.8.0_212-release-1586-b04)
# Java VM: OpenJDK 64-Bit Server VM (25.212-b04 mixed mode windows-amd64 compressed oops)
Heap:
 PSYoungGen      total 194048K, used 144718K [0x00000000e0000000, 0x00000000ee580000, 0x0000000100000000)
  eden space 163328K, 73% used [0x00000000e0000000,0x00000000e75a7ef8,0x00000000e9f80000)
  from space 30720K, 78% used [0x00000000ec000000,0x00000000ed7abad0,0x00000000ede00000)
  to   space 33280K, 0% used [0x00000000e9f80000,0x00000000e9f80000,0x00000000ec000000)
 ParOldGen       total 108032K, used 83295K [0x00000000a0000000, 0x00000000a6980000, 0x00000000e0000000)
  object space 108032K, 77% used [0x00000000a0000000,0x00000000a5157fb8,0x00000000a6980000)
 Metaspace       used 88664K, capacity 92218K, committed 92416K, reserved 1128448K
  class space    used 11754K, capacity 12464K, committed 12544K, reserved 1048576K
GC Heap History (10 events):
Event: 181.970 GC heap before
{Heap before GC invocations=52 (full 24):
 PSYoungGen      total 187392K, used 150016K [0x00000000e0000000, 0x00000000eef80000, 0x0000000100000000)
  eden space 150016K, 100% used [0x00000000e0000000,0x00000000e9280000,0x00000000e9280000)
  from space 37376K, 0% used [0x00000000e9280000,0x00000000e9280000,0x00000000eb700000)
  to   space 36352K, 0% used [0x00000000ecc00000,0x00000000ecc00000,0x00000000eef80000)
 ParOldGen       total 108032K, used 82793K [0x00000000a0000000, 0x00000000a6980000, 0x00000000e0000000)
  object space 108032K, 76% used [0x00000000a0000000,0x00000000a50da7d8,0x00000000a6980000)
 Metaspace       used 88601K, capacity 92082K, committed 92416K, reserved 1128448K
  class space    used 11752K, capacity 12464K, committed 12544K, reserved 1048576K
Event: 181.986 GC heap after
Heap after GC invocations=52 (full 24):
 PSYoungGen      total 167936K, used 5116K [0x00000000e0000000, 0x00000000edb00000, 0x0000000100000000)
  eden space 152576K, 0% used [0x00000000e0000000,0x00000000e0000000,0x00000000e9500000)
  from space 15360K, 33% used [0x00000000ecc00000,0x00000000ed0ff3e0,0x00000000edb00000)
  to   space 35840K, 0% used [0x00000000e9500000,0x00000000e9500000,0x00000000eb800000)
 ParOldGen       total 108032K, used 82801K [0x00000000a0000000, 0x00000000a6980000, 0x00000000e0000000)
  object space 108032K, 76% used [0x00000000a0000000,0x00000000a50dc7d8,0x00000000a6980000)
 Metaspace       used 88601K, capacity 92082K, committed 92416K, reserved 1128448K
  class space    used 11752K, capacity 12464K, committed 12544K, reserved 1048576K
}
Event: 182.492 GC heap before
{Heap before GC invocations=53 (full 24):
 PSYoungGen      total 167936K, used 157692K [0x00000000e0000000, 0x00000000edb00000, 0x0000000100000000)
  eden space 152576K, 100% used [0x00000000e0000000,0x00000000e9500000,0x00000000e9500000)
  from space 15360K, 33% used [0x00000000ecc00000,0x00000000ed0ff3e0,0x00000000edb00000)
  to   space 35840K, 0% used [0x00000000e9500000,0x00000000e9500000,0x00000000eb800000)
 ParOldGen       total 108032K, used 82801K [0x00000000a0000000, 0x00000000a6980000, 0x00000000e0000000)
  object space 108032K, 76% used [0x00000000a0000000,0x00000000a50dc7d8,0x00000000a6980000)
 Metaspace       used 88628K, capacity 92146K, committed 92416K, reserved 1128448K
  class space    used 11754K, capacity 12464K, committed 12544K, reserved 1048576K
Event: 182.561 GC heap after
Heap after GC invocations=53 (full 24):
 PSYoungGen      total 188416K, used 7654K [0x00000000e0000000, 0x00000000edd80000, 0x0000000100000000)
  eden space 152576K, 0% used [0x00000000e0000000,0x00000000e0000000,0x00000000e9500000)
  from space 35840K, 21% used [0x00000000e9500000,0x00000000e9c79be8,0x00000000eb800000)
  to   space 34304K, 0% used [0x00000000ebc00000,0x00000000ebc00000,0x00000000edd80000)
 ParOldGen       total 108032K, used 82801K [0x00000000a0000000, 0x00000000a6980000, 0x00000000e0000000)
  object space 108032K, 76% used [0x00000000a0000000,0x00000000a50dc7d8,0x00000000a6980000)
 Metaspace       used 88628K, capacity 92146K, committed 92416K, reserved 1128448K
  class space    used 11754K, capacity 12464K, committed 12544K, reserved 1048576K
}
Event: 183.280 GC heap before
{Heap before GC invocations=54 (full 24):
 PSYoungGen      total 188416K, used 160230K [0x00000000e0000000, 0x00000000edd80000, 0x0000000100000000)
  eden space 152576K, 100% used [0x00000000e0000000,0x00000000e9500000,0x00000000e9500000)
  from space 35840K, 21% used [0x00000000e9500000,0x00000000e9c79be8,0x00000000eb800000)
  to   space 34304K, 0% used [0x00000000ebc00000,0x00000000ebc00000,0x00000000edd80000)
 ParOldGen       total 108032K, used 83254K [0x00000000a0000000, 0x00000000a6980000, 0x00000000e0000000)
  object space 108032K, 77% used [0x00000000a0000000,0x00000000a514da68,0x00000000a6980000)
 Metaspace       used 88635K, capacity 92210K, committed 92416K, reserved 1128448K
  class space    used 11754K, capacity 12464K, committed 12544K, reserved 1048576K
Event: 183.336 GC heap after
Heap after GC invocations=54 (full 24):
 PSYoungGen      total 190464K, used 8976K [0x00000000e0000000, 0x00000000edb00000, 0x0000000100000000)
  eden space 158720K, 0% used [0x00000000e0000000,0x00000000e0000000,0x00000000e9b00000)
  from space 31744K, 28% used [0x00000000ebc00000,0x00000000ec4c4228,0x00000000edb00000)
  to   space 32768K, 0% used [0x00000000e9b00000,0x00000000e9b00000,0x00000000ebb00000)
 ParOldGen       total 108032K, used 83262K [0x00000000a0000000, 0x00000000a6980000, 0x00000000e0000000)
  object space 108032K, 77% used [0x00000000a0000000,0x00000000a514fa68,0x00000000a6980000)
 Metaspace       used 88635K, capacity 92210K, committed 92416K, reserved 1128448K
  class space    used 11754K, capacity 12464K, committed 12544K, reserved 1048576K
}
Event: 184.045 GC heap before
{Heap before GC invocations=55 (full 24):
 PSYoungGen      total 190464K, used 167696K [0x00000000e0000000, 0x00000000edb00000, 0x0000000100000000)
  eden space 158720K, 100% used [0x00000000e0000000,0x00000000e9b00000,0x00000000e9b00000)
  from space 31744K, 28% used [0x00000000ebc00000,0x00000000ec4c4228,0x00000000edb00000)
  to   space 32768K, 0% used [0x00000000e9b00000,0x00000000e9b00000,0x00000000ebb00000)
 ParOldGen       total 108032K, used 83279K [0x00000000a0000000, 0x00000000a6980000, 0x00000000e0000000)
  object space 108032K, 77% used [0x00000000a0000000,0x00000000a5153fb8,0x00000000a6980000)
 Metaspace       used 88645K, capacity 92210K, committed 92416K, reserved 1128448K
  class space    used 11754K, capacity 12464K, committed 12544K, reserved 1048576K
Event: 184.115 GC heap after
Heap after GC invocations=55 (full 24):
 PSYoungGen      total 191488K, used 12320K [0x00000000e0000000, 0x00000000ede00000, 0x0000000100000000)
  eden space 158720K, 0% used [0x00000000e0000000,0x00000000e0000000,0x00000000e9b00000)
  from space 32768K, 37% used [0x00000000e9b00000,0x00000000ea7080f0,0x00000000ebb00000)
  to   space 30720K, 0% used [0x00000000ec000000,0x00000000ec000000,0x00000000ede00000)
 ParOldGen       total 108032K, used 83287K [0x00000000a0000000, 0x00000000a6980000, 0x00000000e0000000)
  object space 108032K, 77% used [0x00000000a0000000,0x00000000a5155fb8,0x00000000a6980000)
 Metaspace       used 88645K, capacity 92210K, committed 92416K, reserved 1128448K
  class space    used 11754K, capacity 12464K, committed 12544K, reserved 1048576K
}
Event: 184.638 GC heap before
{Heap before GC invocations=56 (full 24):
 PSYoungGen      total 191488K, used 171040K [0x00000000e0000000, 0x00000000ede00000, 0x0000000100000000)
  eden space 158720K, 100% used [0x00000000e0000000,0x00000000e9b00000,0x00000000e9b00000)
  from space 32768K, 37% used [0x00000000e9b00000,0x00000000ea7080f0,0x00000000ebb00000)
  to   space 30720K, 0% used [0x00000000ec000000,0x00000000ec000000,0x00000000ede00000)
 ParOldGen       total 108032K, used 83287K [0x00000000a0000000, 0x00000000a6980000, 0x00000000e0000000)
  object space 108032K, 77% used [0x00000000a0000000,0x00000000a5155fb8,0x00000000a6980000)
 Metaspace       used 88654K, capacity 92210K, committed 92416K, reserved 1128448K
  class space    used 11754K, capacity 12464K, committed 12544K, reserved 1048576K
Event: 184.738 GC heap after
Heap after GC invocations=56 (full 24):
 PSYoungGen      total 194048K, used 24238K [0x00000000e0000000, 0x00000000ee580000, 0x0000000100000000)
  eden space 163328K, 0% used [0x00000000e0000000,0x00000000e0000000,0x00000000e9f80000)
  from space 30720K, 78% used [0x00000000ec000000,0x00000000ed7abad0,0x00000000ede00000)
  to   space 33280K, 0% used [0x00000000e9f80000,0x00000000e9f80000,0x00000000ec000000)
 ParOldGen       total 108032K, used 83295K [0x00000000a0000000, 0x00000000a6980000, 0x00000000e0000000)
  object space 108032K, 77% used [0x00000000a0000000,0x00000000a5157fb8,0x00000000a6980000)
 Metaspace       used 88654K, capacity 92210K, committed 92416K, reserved 1128448K
  class space    used 11754K, capacity 12464K, committed 12544K, reserved 1048576K
}

