# JRE version: OpenJDK Runtime Environment (8.0_212-b04) (build 1.8.0_212-release-1586-b04)
# Java VM: OpenJDK 64-Bit Server VM (25.212-b04 mixed mode windows-amd64 compressed oops)
Heap:
 PSYoungGen      total 332288K, used 188164K [0x00000000e0000000, 0x00000000fad80000, 0x0000000100000000)
  eden space 284672K, 63% used [0x00000000e0000000,0x00000000eafe90a8,0x00000000f1600000)
  from space 47616K, 16% used [0x00000000f1600000,0x00000000f1dd8020,0x00000000f4480000)
  to   space 46080K, 0% used [0x00000000f8080000,0x00000000f8080000,0x00000000fad80000)
 ParOldGen       total 169984K, used 100911K [0x00000000a0000000, 0x00000000aa600000, 0x00000000e0000000)
  object space 169984K, 59% used [0x00000000a0000000,0x00000000a628bc70,0x00000000aa600000)
 Metaspace       used 76530K, capacity 79338K, committed 80000K, reserved 1118208K
  class space    used 10339K, capacity 10911K, committed 11136K, reserved 1048576K
GC Heap History (10 events):
Event: 22.911 GC heap before
{Heap before GC invocations=17 (full 3):
 PSYoungGen      total 194048K, used 175616K [0x00000000e0000000, 0x00000000f1d80000, 0x0000000100000000)
  eden space 175616K, 100% used [0x00000000e0000000,0x00000000eab80000,0x00000000eab80000)
  from space 18432K, 0% used [0x00000000eab80000,0x00000000eab80000,0x00000000ebd80000)
  to   space 18432K, 0% used [0x00000000f0b80000,0x00000000f0b80000,0x00000000f1d80000)
 ParOldGen       total 90112K, used 34948K [0x00000000a0000000, 0x00000000a5800000, 0x00000000e0000000)
  object space 90112K, 38% used [0x00000000a0000000,0x00000000a22210d8,0x00000000a5800000)
 Metaspace       used 61834K, capacity 64172K, committed 64384K, reserved 1103872K
  class space    used 8463K, capacity 8964K, committed 9088K, reserved 1048576K
Event: 23.006 GC heap after
Heap after GC invocations=17 (full 3):
 PSYoungGen      total 247808K, used 18047K [0x00000000e0000000, 0x00000000f1d80000, 0x0000000100000000)
  eden space 229376K, 0% used [0x00000000e0000000,0x00000000e0000000,0x00000000ee000000)
  from space 18432K, 97% used [0x00000000f0b80000,0x00000000f1d1fef8,0x00000000f1d80000)
  to   space 21504K, 0% used [0x00000000ef380000,0x00000000ef380000,0x00000000f0880000)
 ParOldGen       total 90112K, used 34956K [0x00000000a0000000, 0x00000000a5800000, 0x00000000e0000000)
  object space 90112K, 38% used [0x00000000a0000000,0x00000000a22230d8,0x00000000a5800000)
 Metaspace       used 61834K, capacity 64172K, committed 64384K, reserved 1103872K
  class space    used 8463K, capacity 8964K, committed 9088K, reserved 1048576K
}
Event: 28.839 GC heap before
{Heap before GC invocations=18 (full 3):
 PSYoungGen      total 247808K, used 247423K [0x00000000e0000000, 0x00000000f1d80000, 0x0000000100000000)
  eden space 229376K, 100% used [0x00000000e0000000,0x00000000ee000000,0x00000000ee000000)
  from space 18432K, 97% used [0x00000000f0b80000,0x00000000f1d1fef8,0x00000000f1d80000)
  to   space 21504K, 0% used [0x00000000ef380000,0x00000000ef380000,0x00000000f0880000)
 ParOldGen       total 90112K, used 34956K [0x00000000a0000000, 0x00000000a5800000, 0x00000000e0000000)
  object space 90112K, 38% used [0x00000000a0000000,0x00000000a22230d8,0x00000000a5800000)
 Metaspace       used 69900K, capacity 72634K, committed 72960K, reserved 1112064K
  class space    used 9544K, capacity 10135K, committed 10240K, reserved 1048576K
Event: 29.190 GC heap after
Heap after GC invocations=18 (full 3):
 PSYoungGen      total 270848K, used 21481K [0x00000000e0000000, 0x00000000f6400000, 0x0000000100000000)
  eden space 249344K, 0% used [0x00000000e0000000,0x00000000e0000000,0x00000000ef380000)
  from space 21504K, 99% used [0x00000000ef380000,0x00000000f087a598,0x00000000f0880000)
  to   space 32256K, 0% used [0x00000000f4480000,0x00000000f4480000,0x00000000f6400000)
 ParOldGen       total 90112K, used 55545K [0x00000000a0000000, 0x00000000a5800000, 0x00000000e0000000)
  object space 90112K, 61% used [0x00000000a0000000,0x00000000a363e730,0x00000000a5800000)
 Metaspace       used 69900K, capacity 72634K, committed 72960K, reserved 1112064K
  class space    used 9544K, capacity 10135K, committed 10240K, reserved 1048576K
}
Event: 33.897 GC heap before
{Heap before GC invocations=19 (full 3):
 PSYoungGen      total 270848K, used 270825K [0x00000000e0000000, 0x00000000f6400000, 0x0000000100000000)
  eden space 249344K, 100% used [0x00000000e0000000,0x00000000ef380000,0x00000000ef380000)
  from space 21504K, 99% used [0x00000000ef380000,0x00000000f087a598,0x00000000f0880000)
  to   space 32256K, 0% used [0x00000000f4480000,0x00000000f4480000,0x00000000f6400000)
 ParOldGen       total 90112K, used 55545K [0x00000000a0000000, 0x00000000a5800000, 0x00000000e0000000)
  object space 90112K, 61% used [0x00000000a0000000,0x00000000a363e730,0x00000000a5800000)
 Metaspace       used 75714K, capacity 78770K, committed 79104K, reserved 1118208K
  class space    used 10291K, capacity 10913K, committed 11008K, reserved 1048576K
Event: 34.888 GC heap after
Heap after GC invocations=19 (full 3):
 PSYoungGen      total 316928K, used 32234K [0x00000000e0000000, 0x00000000fab80000, 0x0000000100000000)
  eden space 284672K, 0% used [0x00000000e0000000,0x00000000e0000000,0x00000000f1600000)
  from space 32256K, 99% used [0x00000000f4480000,0x00000000f63faa18,0x00000000f6400000)
  to   space 47616K, 0% used [0x00000000f1600000,0x00000000f1600000,0x00000000f4480000)
 ParOldGen       total 90112K, used 82295K [0x00000000a0000000, 0x00000000a5800000, 0x00000000e0000000)
  object space 90112K, 91% used [0x00000000a0000000,0x00000000a505dfe8,0x00000000a5800000)
 Metaspace       used 75714K, capacity 78770K, committed 79104K, reserved 1118208K
  class space    used 10291K, capacity 10913K, committed 11008K, reserved 1048576K
}
Event: 34.897 GC heap before
{Heap before GC invocations=20 (full 4):
 PSYoungGen      total 316928K, used 32234K [0x00000000e0000000, 0x00000000fab80000, 0x0000000100000000)
  eden space 284672K, 0% used [0x00000000e0000000,0x00000000e0000000,0x00000000f1600000)
  from space 32256K, 99% used [0x00000000f4480000,0x00000000f63faa18,0x00000000f6400000)
  to   space 47616K, 0% used [0x00000000f1600000,0x00000000f1600000,0x00000000f4480000)
 ParOldGen       total 90112K, used 82295K [0x00000000a0000000, 0x00000000a5800000, 0x00000000e0000000)
  object space 90112K, 91% used [0x00000000a0000000,0x00000000a505dfe8,0x00000000a5800000)
 Metaspace       used 75714K, capacity 78770K, committed 79104K, reserved 1118208K
  class space    used 10291K, capacity 10913K, committed 11008K, reserved 1048576K
Event: 36.690 GC heap after
Heap after GC invocations=20 (full 4):
 PSYoungGen      total 316928K, used 11521K [0x00000000e0000000, 0x00000000fab80000, 0x0000000100000000)
  eden space 284672K, 0% used [0x00000000e0000000,0x00000000e0000000,0x00000000f1600000)
  from space 32256K, 35% used [0x00000000f4480000,0x00000000f4fc0770,0x00000000f6400000)
  to   space 47616K, 0% used [0x00000000f1600000,0x00000000f1600000,0x00000000f4480000)
 ParOldGen       total 169984K, used 89670K [0x00000000a0000000, 0x00000000aa600000, 0x00000000e0000000)
  object space 169984K, 52% used [0x00000000a0000000,0x00000000a57919b8,0x00000000aa600000)
 Metaspace       used 75476K, capacity 78128K, committed 79104K, reserved 1118208K
  class space    used 10211K, capacity 10772K, committed 11008K, reserved 1048576K
}
Event: 42.130 GC heap before
{Heap before GC invocations=21 (full 4):
 PSYoungGen      total 316928K, used 296193K [0x00000000e0000000, 0x00000000fab80000, 0x0000000100000000)
  eden space 284672K, 100% used [0x00000000e0000000,0x00000000f1600000,0x00000000f1600000)
  from space 32256K, 35% used [0x00000000f4480000,0x00000000f4fc0770,0x00000000f6400000)
  to   space 47616K, 0% used [0x00000000f1600000,0x00000000f1600000,0x00000000f4480000)
 ParOldGen       total 169984K, used 89670K [0x00000000a0000000, 0x00000000aa600000, 0x00000000e0000000)
  object space 169984K, 52% used [0x00000000a0000000,0x00000000a57919b8,0x00000000aa600000)
 Metaspace       used 76069K, capacity 78864K, committed 79616K, reserved 1118208K
  class space    used 10272K, capacity 10866K, committed 11008K, reserved 1048576K
Event: 42.656 GC heap after
Heap after GC invocations=21 (full 4):
 PSYoungGen      total 332288K, used 8032K [0x00000000e0000000, 0x00000000fad80000, 0x0000000100000000)
  eden space 284672K, 0% used [0x00000000e0000000,0x00000000e0000000,0x00000000f1600000)
  from space 47616K, 16% used [0x00000000f1600000,0x00000000f1dd8020,0x00000000f4480000)
  to   space 46080K, 0% used [0x00000000f8080000,0x00000000f8080000,0x00000000fad80000)
 ParOldGen       total 169984K, used 100911K [0x00000000a0000000, 0x00000000aa600000, 0x00000000e0000000)
  object space 169984K, 59% used [0x00000000a0000000,0x00000000a628bc70,0x00000000aa600000)
 Metaspace       used 76069K, capacity 78864K, committed 79616K, reserved 1118208K
  class space    used 10272K, capacity 10866K, committed 11008K, reserved 1048576K
}

