# JRE version: OpenJDK Runtime Environment (8.0_212-b04) (build 1.8.0_212-release-1586-b04)
# Java VM: OpenJDK 64-Bit Server VM (25.212-b04 mixed mode windows-amd64 compressed oops)
Heap:
 PSYoungGen      total 136192K, used 132586K [0x00000000e0000000, 0x00000000ea900000, 0x0000000100000000)
  eden space 121856K, 97% used [0x00000000e0000000,0x00000000e737e738,0x00000000e7700000)
  from space 14336K, 99% used [0x00000000e7700000,0x00000000e84fc340,0x00000000e8500000)
  to   space 16896K, 0% used [0x00000000e9880000,0x00000000e9880000,0x00000000ea900000)
 ParOldGen       total 82944K, used 51648K [0x00000000a0000000, 0x00000000a5100000, 0x00000000e0000000)
  object space 82944K, 62% used [0x00000000a0000000,0x00000000a32702c8,0x00000000a5100000)
 Metaspace       used 72257K, capacity 74730K, committed 74968K, reserved 1114112K
  class space    used 9589K, capacity 10134K, committed 10200K, reserved 1048576K
GC Heap History (10 events):
Event: 43.948 GC heap before
{Heap before GC invocations=22 (full 2):
 PSYoungGen      total 93696K, used 91559K [0x00000000e0000000, 0x00000000e7e00000, 0x0000000100000000)
  eden space 83456K, 98% used [0x00000000e0000000,0x00000000e5000308,0x00000000e5180000)
  from space 10240K, 94% used [0x00000000e5180000,0x00000000e5ae9980,0x00000000e5b80000)
  to   space 11264K, 0% used [0x00000000e7300000,0x00000000e7300000,0x00000000e7e00000)
 ParOldGen       total 49152K, used 29493K [0x00000000a0000000, 0x00000000a3000000, 0x00000000e0000000)
  object space 49152K, 60% used [0x00000000a0000000,0x00000000a1ccd690,0x00000000a3000000)
 Metaspace       used 57169K, capacity 58994K, committed 59096K, reserved 1099776K
  class space    used 7843K, capacity 8321K, committed 8408K, reserved 1048576K
Event: 43.963 GC heap after
Heap after GC invocations=22 (full 2):
 PSYoungGen      total 117248K, used 7367K [0x00000000e0000000, 0x00000000e7f00000, 0x0000000100000000)
  eden space 105984K, 0% used [0x00000000e0000000,0x00000000e0000000,0x00000000e6780000)
  from space 11264K, 65% used [0x00000000e7300000,0x00000000e7a31fe8,0x00000000e7e00000)
  to   space 11776K, 0% used [0x00000000e6780000,0x00000000e6780000,0x00000000e7300000)
 ParOldGen       total 49152K, used 34811K [0x00000000a0000000, 0x00000000a3000000, 0x00000000e0000000)
  object space 49152K, 70% used [0x00000000a0000000,0x00000000a21feeb0,0x00000000a3000000)
 Metaspace       used 57169K, capacity 58994K, committed 59096K, reserved 1099776K
  class space    used 7843K, capacity 8321K, committed 8408K, reserved 1048576K
}
Event: 43.963 GC heap before
{Heap before GC invocations=23 (full 3):
 PSYoungGen      total 117248K, used 7367K [0x00000000e0000000, 0x00000000e7f00000, 0x0000000100000000)
  eden space 105984K, 0% used [0x00000000e0000000,0x00000000e0000000,0x00000000e6780000)
  from space 11264K, 65% used [0x00000000e7300000,0x00000000e7a31fe8,0x00000000e7e00000)
  to   space 11776K, 0% used [0x00000000e6780000,0x00000000e6780000,0x00000000e7300000)
 ParOldGen       total 49152K, used 34811K [0x00000000a0000000, 0x00000000a3000000, 0x00000000e0000000)
  object space 49152K, 70% used [0x00000000a0000000,0x00000000a21feeb0,0x00000000a3000000)
 Metaspace       used 57169K, capacity 58994K, committed 59096K, reserved 1099776K
  class space    used 7843K, capacity 8321K, committed 8408K, reserved 1048576K
Event: 44.293 GC heap after
Heap after GC invocations=23 (full 3):
 PSYoungGen      total 117248K, used 0K [0x00000000e0000000, 0x00000000e7f00000, 0x0000000100000000)
  eden space 105984K, 0% used [0x00000000e0000000,0x00000000e0000000,0x00000000e6780000)
  from space 11264K, 0% used [0x00000000e7300000,0x00000000e7300000,0x00000000e7e00000)
  to   space 11776K, 0% used [0x00000000e6780000,0x00000000e6780000,0x00000000e7300000)
 ParOldGen       total 82944K, used 37155K [0x00000000a0000000, 0x00000000a5100000, 0x00000000e0000000)
  object space 82944K, 44% used [0x00000000a0000000,0x00000000a2448e88,0x00000000a5100000)
 Metaspace       used 57169K, capacity 58994K, committed 59096K, reserved 1099776K
  class space    used 7843K, capacity 8321K, committed 8408K, reserved 1048576K
}
Event: 46.921 GC heap before
{Heap before GC invocations=24 (full 3):
 PSYoungGen      total 117248K, used 105984K [0x00000000e0000000, 0x00000000e7f00000, 0x0000000100000000)
  eden space 105984K, 100% used [0x00000000e0000000,0x00000000e6780000,0x00000000e6780000)
  from space 11264K, 0% used [0x00000000e7300000,0x00000000e7300000,0x00000000e7e00000)
  to   space 11776K, 0% used [0x00000000e6780000,0x00000000e6780000,0x00000000e7300000)
 ParOldGen       total 82944K, used 37155K [0x00000000a0000000, 0x00000000a5100000, 0x00000000e0000000)
  object space 82944K, 44% used [0x00000000a0000000,0x00000000a2448e88,0x00000000a5100000)
 Metaspace       used 61349K, capacity 63560K, committed 63832K, reserved 1103872K
  class space    used 8390K, capacity 8926K, committed 9048K, reserved 1048576K
Event: 46.948 GC heap after
Heap after GC invocations=24 (full 3):
 PSYoungGen      total 117760K, used 11749K [0x00000000e0000000, 0x00000000e9300000, 0x0000000100000000)
  eden space 105984K, 0% used [0x00000000e0000000,0x00000000e0000000,0x00000000e6780000)
  from space 11776K, 99% used [0x00000000e6780000,0x00000000e72f94b0,0x00000000e7300000)
  to   space 14336K, 0% used [0x00000000e8500000,0x00000000e8500000,0x00000000e9300000)
 ParOldGen       total 82944K, used 40471K [0x00000000a0000000, 0x00000000a5100000, 0x00000000e0000000)
  object space 82944K, 48% used [0x00000000a0000000,0x00000000a2785ca0,0x00000000a5100000)
 Metaspace       used 61349K, capacity 63560K, committed 63832K, reserved 1103872K
  class space    used 8390K, capacity 8926K, committed 9048K, reserved 1048576K
}
Event: 48.733 GC heap before
{Heap before GC invocations=25 (full 3):
 PSYoungGen      total 117760K, used 117733K [0x00000000e0000000, 0x00000000e9300000, 0x0000000100000000)
  eden space 105984K, 100% used [0x00000000e0000000,0x00000000e6780000,0x00000000e6780000)
  from space 11776K, 99% used [0x00000000e6780000,0x00000000e72f94b0,0x00000000e7300000)
  to   space 14336K, 0% used [0x00000000e8500000,0x00000000e8500000,0x00000000e9300000)
 ParOldGen       total 82944K, used 40471K [0x00000000a0000000, 0x00000000a5100000, 0x00000000e0000000)
  object space 82944K, 48% used [0x00000000a0000000,0x00000000a2785ca0,0x00000000a5100000)
 Metaspace       used 62028K, capacity 64218K, committed 64344K, reserved 1103872K
  class space    used 8458K, capacity 8961K, committed 9048K, reserved 1048576K
Event: 48.758 GC heap after
Heap after GC invocations=25 (full 3):
 PSYoungGen      total 136192K, used 8133K [0x00000000e0000000, 0x00000000e9300000, 0x0000000100000000)
  eden space 121856K, 0% used [0x00000000e0000000,0x00000000e0000000,0x00000000e7700000)
  from space 14336K, 56% used [0x00000000e8500000,0x00000000e8cf14a8,0x00000000e9300000)
  to   space 14336K, 0% used [0x00000000e7700000,0x00000000e7700000,0x00000000e8500000)
 ParOldGen       total 82944K, used 49793K [0x00000000a0000000, 0x00000000a5100000, 0x00000000e0000000)
  object space 82944K, 60% used [0x00000000a0000000,0x00000000a30a0720,0x00000000a5100000)
 Metaspace       used 62028K, capacity 64218K, committed 64344K, reserved 1103872K
  class space    used 8458K, capacity 8961K, committed 9048K, reserved 1048576K
}
Event: 51.119 GC heap before
{Heap before GC invocations=26 (full 3):
 PSYoungGen      total 136192K, used 129989K [0x00000000e0000000, 0x00000000e9300000, 0x0000000100000000)
  eden space 121856K, 100% used [0x00000000e0000000,0x00000000e7700000,0x00000000e7700000)
  from space 14336K, 56% used [0x00000000e8500000,0x00000000e8cf14a8,0x00000000e9300000)
  to   space 14336K, 0% used [0x00000000e7700000,0x00000000e7700000,0x00000000e8500000)
 ParOldGen       total 82944K, used 49793K [0x00000000a0000000, 0x00000000a5100000, 0x00000000e0000000)
  object space 82944K, 60% used [0x00000000a0000000,0x00000000a30a0720,0x00000000a5100000)
 Metaspace       used 64376K, capacity 66698K, committed 67032K, reserved 1107968K
  class space    used 8788K, capacity 9327K, committed 9432K, reserved 1048576K
Event: 51.142 GC heap after
Heap after GC invocations=26 (full 3):
 PSYoungGen      total 136192K, used 14320K [0x00000000e0000000, 0x00000000ea900000, 0x0000000100000000)
  eden space 121856K, 0% used [0x00000000e0000000,0x00000000e0000000,0x00000000e7700000)
  from space 14336K, 99% used [0x00000000e7700000,0x00000000e84fc340,0x00000000e8500000)
  to   space 16896K, 0% used [0x00000000e9880000,0x00000000e9880000,0x00000000ea900000)
 ParOldGen       total 82944K, used 51648K [0x00000000a0000000, 0x00000000a5100000, 0x00000000e0000000)
  object space 82944K, 62% used [0x00000000a0000000,0x00000000a32702c8,0x00000000a5100000)
 Metaspace       used 64376K, capacity 66698K, committed 67032K, reserved 1107968K
  class space    used 8788K, capacity 9327K, committed 9432K, reserved 1048576K
}

