# JRE version: OpenJDK Runtime Environment (8.0_212-b04) (build 1.8.0_212-release-1586-b04)
# Java VM: OpenJDK 64-Bit Server VM (25.212-b04 mixed mode windows-amd64 compressed oops)
Heap:
 PSYoungGen      total 51712K, used 16087K [0x00000000e0000000, 0x00000000e4380000, 0x0000000100000000)
  eden space 48640K, 33% used [0x00000000e0000000,0x00000000e0fb5e20,0x00000000e2f80000)
  from space 3072K, 0% used [0x00000000e3a00000,0x00000000e3a00000,0x00000000e3d00000)
  to   space 6656K, 0% used [0x00000000e3d00000,0x00000000e3d00000,0x00000000e4380000)
 ParOldGen       total 28160K, used 7369K [0x00000000a0000000, 0x00000000a1b80000, 0x00000000e0000000)
  object space 28160K, 26% used [0x00000000a0000000,0x00000000a0732718,0x00000000a1b80000)
 Metaspace       used 24687K, capacity 25212K, committed 25344K, reserved 1071104K
  class space    used 3426K, capacity 3579K, committed 3584K, reserved 1048576K
GC Heap History (10 events):
Event: 7.291 GC heap before
{Heap before GC invocations=6 (full 0):
 PSYoungGen      total 34304K, used 34288K [0x00000000e0000000, 0x00000000e2b00000, 0x0000000100000000)
  eden space 31744K, 100% used [0x00000000e0000000,0x00000000e1f00000,0x00000000e1f00000)
  from space 2560K, 99% used [0x00000000e2000000,0x00000000e227c010,0x00000000e2280000)
  to   space 6144K, 0% used [0x00000000e2500000,0x00000000e2500000,0x00000000e2b00000)
 ParOldGen       total 44032K, used 5436K [0x00000000a0000000, 0x00000000a2b00000, 0x00000000e0000000)
  object space 44032K, 12% used [0x00000000a0000000,0x00000000a054f398,0x00000000a2b00000)
 Metaspace       used 14719K, capacity 15054K, committed 15232K, reserved 1062912K
  class space    used 2048K, capacity 2162K, committed 2176K, reserved 1048576K
Event: 7.300 GC heap after
Heap after GC invocations=6 (full 0):
 PSYoungGen      total 36864K, used 5746K [0x00000000e0000000, 0x00000000e2c00000, 0x0000000100000000)
  eden space 30720K, 0% used [0x00000000e0000000,0x00000000e0000000,0x00000000e1e00000)
  from space 6144K, 93% used [0x00000000e2500000,0x00000000e2a9c820,0x00000000e2b00000)
  to   space 7168K, 0% used [0x00000000e1e00000,0x00000000e1e00000,0x00000000e2500000)
 ParOldGen       total 44032K, used 5444K [0x00000000a0000000, 0x00000000a2b00000, 0x00000000e0000000)
  object space 44032K, 12% used [0x00000000a0000000,0x00000000a0551398,0x00000000a2b00000)
 Metaspace       used 14719K, capacity 15054K, committed 15232K, reserved 1062912K
  class space    used 2048K, capacity 2162K, committed 2176K, reserved 1048576K
}
Event: 8.203 GC heap before
{Heap before GC invocations=7 (full 0):
 PSYoungGen      total 36864K, used 36466K [0x00000000e0000000, 0x00000000e2c00000, 0x0000000100000000)
  eden space 30720K, 100% used [0x00000000e0000000,0x00000000e1e00000,0x00000000e1e00000)
  from space 6144K, 93% used [0x00000000e2500000,0x00000000e2a9c820,0x00000000e2b00000)
  to   space 7168K, 0% used [0x00000000e1e00000,0x00000000e1e00000,0x00000000e2500000)
 ParOldGen       total 44032K, used 5444K [0x00000000a0000000, 0x00000000a2b00000, 0x00000000e0000000)
  object space 44032K, 12% used [0x00000000a0000000,0x00000000a0551398,0x00000000a2b00000)
 Metaspace       used 17451K, capacity 17944K, committed 18048K, reserved 1064960K
  class space    used 2495K, capacity 2661K, committed 2688K, reserved 1048576K
Event: 8.219 GC heap after
Heap after GC invocations=7 (full 0):
 PSYoungGen      total 37888K, used 5569K [0x00000000e0000000, 0x00000000e4a00000, 0x0000000100000000)
  eden space 30720K, 0% used [0x00000000e0000000,0x00000000e0000000,0x00000000e1e00000)
  from space 7168K, 77% used [0x00000000e1e00000,0x00000000e2370508,0x00000000e2500000)
  to   space 7168K, 0% used [0x00000000e4300000,0x00000000e4300000,0x00000000e4a00000)
 ParOldGen       total 44032K, used 6572K [0x00000000a0000000, 0x00000000a2b00000, 0x00000000e0000000)
  object space 44032K, 14% used [0x00000000a0000000,0x00000000a066b3e8,0x00000000a2b00000)
 Metaspace       used 17451K, capacity 17944K, committed 18048K, reserved 1064960K
  class space    used 2495K, capacity 2661K, committed 2688K, reserved 1048576K
}
Event: 10.116 GC heap before
{Heap before GC invocations=8 (full 0):
 PSYoungGen      total 37888K, used 36289K [0x00000000e0000000, 0x00000000e4a00000, 0x0000000100000000)
  eden space 30720K, 100% used [0x00000000e0000000,0x00000000e1e00000,0x00000000e1e00000)
  from space 7168K, 77% used [0x00000000e1e00000,0x00000000e2370508,0x00000000e2500000)
  to   space 7168K, 0% used [0x00000000e4300000,0x00000000e4300000,0x00000000e4a00000)
 ParOldGen       total 44032K, used 6572K [0x00000000a0000000, 0x00000000a2b00000, 0x00000000e0000000)
  object space 44032K, 14% used [0x00000000a0000000,0x00000000a066b3e8,0x00000000a2b00000)
 Metaspace       used 20683K, capacity 21180K, committed 21296K, reserved 1067008K
  class space    used 2972K, capacity 3131K, committed 3200K, reserved 1048576K
Event: 10.132 GC heap after
Heap after GC invocations=8 (full 0):
 PSYoungGen      total 37376K, used 6892K [0x00000000e0000000, 0x00000000e4a00000, 0x0000000100000000)
  eden space 30208K, 0% used [0x00000000e0000000,0x00000000e0000000,0x00000000e1d80000)
  from space 7168K, 96% used [0x00000000e4300000,0x00000000e49bb2d8,0x00000000e4a00000)
  to   space 8192K, 0% used [0x00000000e3a00000,0x00000000e3a00000,0x00000000e4200000)
 ParOldGen       total 44032K, used 7020K [0x00000000a0000000, 0x00000000a2b00000, 0x00000000e0000000)
  object space 44032K, 15% used [0x00000000a0000000,0x00000000a06db3e8,0x00000000a2b00000)
 Metaspace       used 20683K, capacity 21180K, committed 21296K, reserved 1067008K
  class space    used 2972K, capacity 3131K, committed 3200K, reserved 1048576K
}
Event: 10.142 GC heap before
{Heap before GC invocations=9 (full 0):
 PSYoungGen      total 37376K, used 7519K [0x00000000e0000000, 0x00000000e4a00000, 0x0000000100000000)
  eden space 30208K, 2% used [0x00000000e0000000,0x00000000e009caf8,0x00000000e1d80000)
  from space 7168K, 96% used [0x00000000e4300000,0x00000000e49bb2d8,0x00000000e4a00000)
  to   space 8192K, 0% used [0x00000000e3a00000,0x00000000e3a00000,0x00000000e4200000)
 ParOldGen       total 44032K, used 7020K [0x00000000a0000000, 0x00000000a2b00000, 0x00000000e0000000)
  object space 44032K, 15% used [0x00000000a0000000,0x00000000a06db3e8,0x00000000a2b00000)
 Metaspace       used 20696K, capacity 21180K, committed 21296K, reserved 1067008K
  class space    used 2972K, capacity 3131K, committed 3200K, reserved 1048576K
Event: 10.148 GC heap after
Heap after GC invocations=9 (full 0):
 PSYoungGen      total 51712K, used 2677K [0x00000000e0000000, 0x00000000e4380000, 0x0000000100000000)
  eden space 48640K, 0% used [0x00000000e0000000,0x00000000e0000000,0x00000000e2f80000)
  from space 3072K, 87% used [0x00000000e3a00000,0x00000000e3c9d770,0x00000000e3d00000)
  to   space 6656K, 0% used [0x00000000e3d00000,0x00000000e3d00000,0x00000000e4380000)
 ParOldGen       total 44032K, used 8665K [0x00000000a0000000, 0x00000000a2b00000, 0x00000000e0000000)
  object space 44032K, 19% used [0x00000000a0000000,0x00000000a0876518,0x00000000a2b00000)
 Metaspace       used 20696K, capacity 21180K, committed 21296K, reserved 1067008K
  class space    used 2972K, capacity 3131K, committed 3200K, reserved 1048576K
}
Event: 10.148 GC heap before
{Heap before GC invocations=10 (full 1):
 PSYoungGen      total 51712K, used 2677K [0x00000000e0000000, 0x00000000e4380000, 0x0000000100000000)
  eden space 48640K, 0% used [0x00000000e0000000,0x00000000e0000000,0x00000000e2f80000)
  from space 3072K, 87% used [0x00000000e3a00000,0x00000000e3c9d770,0x00000000e3d00000)
  to   space 6656K, 0% used [0x00000000e3d00000,0x00000000e3d00000,0x00000000e4380000)
 ParOldGen       total 44032K, used 8665K [0x00000000a0000000, 0x00000000a2b00000, 0x00000000e0000000)
  object space 44032K, 19% used [0x00000000a0000000,0x00000000a0876518,0x00000000a2b00000)
 Metaspace       used 20696K, capacity 21180K, committed 21296K, reserved 1067008K
  class space    used 2972K, capacity 3131K, committed 3200K, reserved 1048576K
Event: 10.216 GC heap after
Heap after GC invocations=10 (full 1):
 PSYoungGen      total 51712K, used 0K [0x00000000e0000000, 0x00000000e4380000, 0x0000000100000000)
  eden space 48640K, 0% used [0x00000000e0000000,0x00000000e0000000,0x00000000e2f80000)
  from space 3072K, 0% used [0x00000000e3a00000,0x00000000e3a00000,0x00000000e3d00000)
  to   space 6656K, 0% used [0x00000000e3d00000,0x00000000e3d00000,0x00000000e4380000)
 ParOldGen       total 28160K, used 7369K [0x00000000a0000000, 0x00000000a1b80000, 0x00000000e0000000)
  object space 28160K, 26% used [0x00000000a0000000,0x00000000a0732718,0x00000000a1b80000)
 Metaspace       used 20696K, capacity 21180K, committed 21296K, reserved 1067008K
  class space    used 2972K, capacity 3131K, committed 3200K, reserved 1048576K
}

